This is pdfTeX, Version 3.14159265-2.6-1.40.16 (TeX Live 2015) (preloaded format=pdflatex 2015.5.24)  3 MAY 2018 00:46
entering extended mode
 restricted \write18 enabled.
 %&-line parsing enabled.
**reproducibility-knitr.tex
(./reproducibility-knitr.tex
LaTeX2e <2015/01/01>
Babel <3.9l> and hyphenation patterns for 79 languages loaded.
(./WileyNJD-v2.cls
Document Class: WileyNJD-v2 2017/06/23 v0.2 Standard LaTeX document class for J
ournal
\job@temptoken=\toks14
(/usr/local/texlive/2015/texmf-dist/tex/latex/base/article.cls
Document Class: article 2014/09/29 v1.4h Standard LaTeX document class
(/usr/local/texlive/2015/texmf-dist/tex/latex/base/fleqn.clo
File: fleqn.clo 2015/03/31 v1.1i Standard LaTeX option (flush left equations)
\mathindent=\dimen102
Applying: [2015/01/01] Make \[ robust on input line 50.
LaTeX Info: Redefining \[ on input line 51.
Already applied: [0000/00/00] Make \[ robust on input line 62.
Applying: [2015/01/01] Make \] robust on input line 74.
LaTeX Info: Redefining \] on input line 75.
Already applied: [0000/00/00] Make \] robust on input line 83.
)
(/usr/local/texlive/2015/texmf-dist/tex/latex/base/size10.clo
File: size10.clo 2014/09/29 v1.4h Standard LaTeX file (size option)
)
\c@part=\count79
\c@section=\count80
\c@subsection=\count81
\c@subsubsection=\count82
\c@paragraph=\count83
\c@subparagraph=\count84
\c@figure=\count85
\c@table=\count86
\abovecaptionskip=\skip41
\belowcaptionskip=\skip42
\bibindent=\dimen103
)
(/usr/local/texlive/2015/texmf-dist/tex/latex/graphics/graphicx.sty
Package: graphicx 2014/10/28 v1.0g Enhanced LaTeX Graphics (DPC,SPQR)

(/usr/local/texlive/2015/texmf-dist/tex/latex/graphics/keyval.sty
Package: keyval 2014/10/28 v1.15 key=value parser (DPC)
\KV@toks@=\toks15
)
(/usr/local/texlive/2015/texmf-dist/tex/latex/graphics/graphics.sty
Package: graphics 2014/10/28 v1.0p Standard LaTeX Graphics (DPC,SPQR)

(/usr/local/texlive/2015/texmf-dist/tex/latex/graphics/trig.sty
Package: trig 1999/03/16 v1.09 sin cos tan (DPC)
)
(/usr/local/texlive/2015/texmf-dist/tex/latex/latexconfig/graphics.cfg
File: graphics.cfg 2010/04/23 v1.9 graphics configuration of TeX Live
)
Package graphics Info: Driver file: pdftex.def on input line 94.

(/usr/local/texlive/2015/texmf-dist/tex/latex/pdftex-def/pdftex.def
File: pdftex.def 2011/05/27 v0.06d Graphics/color for pdfTeX

(/usr/local/texlive/2015/texmf-dist/tex/generic/oberdiek/infwarerr.sty
Package: infwarerr 2010/04/08 v1.3 Providing info/warning/error messages (HO)
)
(/usr/local/texlive/2015/texmf-dist/tex/generic/oberdiek/ltxcmds.sty
Package: ltxcmds 2011/11/09 v1.22 LaTeX kernel commands for general use (HO)
)
\Gread@gobject=\count87
))
\Gin@req@height=\dimen104
\Gin@req@width=\dimen105
)
(/usr/local/texlive/2015/texmf-dist/tex/latex/tools/multicol.sty
Package: multicol 2015/03/31 v1.8m multicolumn formatting (FMi)
\c@tracingmulticols=\count88
\mult@box=\box26
\multicol@leftmargin=\dimen106
\c@unbalance=\count89
\c@collectmore=\count90
\doublecol@number=\count91
\multicoltolerance=\count92
\multicolpretolerance=\count93
\full@width=\dimen107
\page@free=\dimen108
\premulticols=\dimen109
\postmulticols=\dimen110
\multicolsep=\skip43
\multicolbaselineskip=\skip44
\partial@page=\box27
\last@line=\box28
\maxbalancingoverflow=\dimen111
\mult@rightbox=\box29
\mult@grightbox=\box30
\mult@gfirstbox=\box31
\mult@firstbox=\box32
\@tempa=\box33
\@tempa=\box34
\@tempa=\box35
\@tempa=\box36
\@tempa=\box37
\@tempa=\box38
\@tempa=\box39
\@tempa=\box40
\@tempa=\box41
\@tempa=\box42
\@tempa=\box43
\@tempa=\box44
\@tempa=\box45
\@tempa=\box46
\@tempa=\box47
\@tempa=\box48
\@tempa=\box49
\c@columnbadness=\count94
\c@finalcolumnbadness=\count95
\last@try=\dimen112
\multicolovershoot=\dimen113
\multicolundershoot=\dimen114
\mult@nat@firstbox=\box50
\colbreak@box=\box51
\mc@col@check@num=\count96
)
(/usr/local/texlive/2015/texmf-dist/tex/latex/multirow/multirow.sty
\bigstrutjot=\dimen115
)
(/usr/local/texlive/2015/texmf-dist/tex/latex/sttools/cuted.sty
Package: cuted 2012/10/04 v1.5 Mixing onecolumn and twocolumn modes
\At@ViperColsBreak=\toks16
\v@aaa=\box52
\v@ccc=\box53
\lastskip@a=\skip45
\lastskip@b=\skip46
\lastskip@d=\skip47
\lastbox@a=\box54
\stripsep=\skip48
\@viper=\box55
\viper@penalty=\count97
\hold@viper=\box56
\ht@viper=\dimen116
)
(/usr/local/texlive/2015/texmf-dist/tex/generic/oberdiek/ifpdf.sty
Package: ifpdf 2011/01/30 v2.3 Provides the ifpdf switch (HO)
Package ifpdf Info: pdfTeX in PDF mode is detected.
)
(/usr/local/texlive/2015/texmf-dist/tex/latex/url/url.sty
\Urlmuskip=\muskip10
Package: url 2013/09/16  ver 3.4  Verb mode for urls, etc.
)
(/usr/local/texlive/2015/texmf-dist/tex/latex/changepage/changepage.sty
Package: changepage 2009/10/20 v1.0c check page and change page layout
\c@cp@cntr=\count98
\cp@tempcnt=\count99
)
(/usr/local/texlive/2015/texmf-dist/tex/latex/tools/calc.sty
Package: calc 2014/10/28 v4.3 Infix arithmetic (KKT,FJ)
\calc@Acount=\count100
\calc@Bcount=\count101
\calc@Adimen=\dimen117
\calc@Bdimen=\dimen118
\calc@Askip=\skip49
\calc@Bskip=\skip50
LaTeX Info: Redefining \setlength on input line 80.
LaTeX Info: Redefining \addtolength on input line 81.
\calc@Ccount=\count102
\calc@Cskip=\skip51
)
(/usr/local/texlive/2015/texmf-dist/tex/latex/xcolor/xcolor.sty
Package: xcolor 2007/01/21 v2.11 LaTeX color extensions (UK)

(/usr/local/texlive/2015/texmf-dist/tex/latex/latexconfig/color.cfg
File: color.cfg 2007/01/18 v1.5 color configuration of teTeX/TeXLive
)
Package xcolor Info: Driver file: pdftex.def on input line 225.
Package xcolor Info: Model `cmy' substituted by `cmy0' on input line 1337.
Package xcolor Info: Model `hsb' substituted by `rgb' on input line 1341.
Package xcolor Info: Model `RGB' extended on input line 1353.
Package xcolor Info: Model `HTML' substituted by `rgb' on input line 1355.
Package xcolor Info: Model `Hsb' substituted by `hsb' on input line 1356.
Package xcolor Info: Model `tHsb' substituted by `hsb' on input line 1357.
Package xcolor Info: Model `HSB' substituted by `hsb' on input line 1358.
Package xcolor Info: Model `Gray' substituted by `gray' on input line 1359.
Package xcolor Info: Model `wave' substituted by `hsb' on input line 1360.
)
(/usr/local/texlive/2015/texmf-dist/tex/latex/float/float.sty
Package: float 2001/11/08 v1.3d Float enhancements (AL)
\c@float@type=\count103
\float@exts=\toks17
\float@box=\box57
\@float@everytoks=\toks18
\@floatcapt=\box58
)
(/usr/local/texlive/2015/texmf-dist/tex/latex/sttools/floatpag.sty
Package: floatpag 2012/05/29 v1.1 Different pagestyles on float pages
Package: floatpag 1999/04/29 FLOAT PAGESTYLE
)
(/usr/local/texlive/2015/texmf-dist/tex/latex/dblfloatfix/dblfloatfix.sty
Package: dblfloatfix 2012/12/31 v1.0a (JAW)

(/usr/local/texlive/2015/texmf-dist/tex/latex/base/fixltx2e.sty
Package: fixltx2e 2015/02/21 v2.0a fixes to LaTeX (obsolete)


Package fixltx2e Warning: fixltx2e is not required with releases after 2015
(fixltx2e)                All fixes are now in the LaTeX kernel.
(fixltx2e)                See the latexrelease package for details.

)
\@dblbotnum=\count104
\c@dblbotnumber=\count105
) (/usr/local/texlive/2015/texmf-dist/tex/latex/rotating/rotating.sty
Package: rotating 2009/03/28 v2.16a rotated objects in LaTeX

(/usr/local/texlive/2015/texmf-dist/tex/latex/base/ifthen.sty
Package: ifthen 2014/09/29 v1.1c Standard LaTeX ifthen package (DPC)
)
\c@r@tfl@t=\count106
\rotFPtop=\skip52
\rotFPbot=\skip53
\rot@float@box=\box59
\rot@mess@toks=\toks19
)
(/usr/local/texlive/2015/texmf-dist/tex/latex/tools/longtable.sty
Package: longtable 2014/10/28 v4.11 Multi-page Table package (DPC)
\LTleft=\skip54
\LTright=\skip55
\LTpre=\skip56
\LTpost=\skip57
\LTchunksize=\count107
\LTcapwidth=\dimen119
\LT@head=\box60
\LT@firsthead=\box61
\LT@foot=\box62
\LT@lastfoot=\box63
\LT@cols=\count108
\LT@rows=\count109
\c@LT@tables=\count110
\c@LT@chunks=\count111
\LT@p@ftn=\toks20
)
(/usr/local/texlive/2015/texmf-dist/tex/generic/ulem/ulem.sty
\UL@box=\box64
\UL@hyphenbox=\box65
\UL@skip=\skip58
\UL@hook=\toks21
\UL@height=\dimen120
\UL@pe=\count112
\UL@pixel=\dimen121
\ULC@box=\box66
Package: ulem 2012/05/18
\ULdepth=\dimen122
)
(/usr/local/texlive/2015/texmf-dist/tex/latex/tools/enumerate.sty
Package: enumerate 2014/10/28 v3.00 enumerate extensions (DPC)
\@enLab=\toks22
)
(/usr/local/texlive/2015/texmf-dist/tex/latex/soul/soul.sty
Package: soul 2003/11/17 v2.4 letterspacing/underlining (mf)
\SOUL@word=\toks23
\SOUL@lasttoken=\toks24
\SOUL@cmds=\toks25
\SOUL@buffer=\toks26
\SOUL@token=\toks27
\SOUL@spaceskip=\skip59
\SOUL@ttwidth=\dimen123
\SOUL@uldp=\dimen124
\SOUL@ulht=\dimen125
)
(/usr/local/texlive/2015/texmf-dist/tex/latex/caption/caption.sty
Package: caption 2013/05/02 v3.3-89 Customizing captions (AR)

(/usr/local/texlive/2015/texmf-dist/tex/latex/caption/caption3.sty
Package: caption3 2013/05/02 v1.6-88 caption3 kernel (AR)
Package caption3 Info: TeX engine: e-TeX on input line 57.
\captionmargin=\dimen126
\captionmargin@=\dimen127
\captionwidth=\dimen128
\caption@tempdima=\dimen129
\caption@indent=\dimen130
\caption@parindent=\dimen131
\caption@hangindent=\dimen132
)
\c@ContinuedFloat=\count113
Package caption Info: float package is loaded.
Package caption Info: longtable package is loaded.

(/usr/local/texlive/2015/texmf-dist/tex/latex/caption/ltcaption.sty
Package: ltcaption 2013/02/03 v1.3-62 longtable captions (AR)
)
Package caption Info: rotating package is loaded.
)
(/usr/local/texlive/2015/texmf-dist/tex/latex/hyperref/hyperref.sty
Package: hyperref 2012/11/06 v6.83m Hypertext links for LaTeX

(/usr/local/texlive/2015/texmf-dist/tex/generic/oberdiek/hobsub-hyperref.sty
Package: hobsub-hyperref 2012/05/28 v1.13 Bundle oberdiek, subset hyperref (HO)


(/usr/local/texlive/2015/texmf-dist/tex/generic/oberdiek/hobsub-generic.sty
Package: hobsub-generic 2012/05/28 v1.13 Bundle oberdiek, subset generic (HO)
Package: hobsub 2012/05/28 v1.13 Construct package bundles (HO)
Package hobsub Info: Skipping package `infwarerr' (already loaded).
Package hobsub Info: Skipping package `ltxcmds' (already loaded).
Package: ifluatex 2010/03/01 v1.3 Provides the ifluatex switch (HO)
Package ifluatex Info: LuaTeX not detected.
Package: ifvtex 2010/03/01 v1.5 Detect VTeX and its facilities (HO)
Package ifvtex Info: VTeX not detected.
Package: intcalc 2007/09/27 v1.1 Expandable calculations with integers (HO)
Package hobsub Info: Skipping package `ifpdf' (already loaded).
Package: etexcmds 2011/02/16 v1.5 Avoid name clashes with e-TeX commands (HO)
Package etexcmds Info: Could not find \expanded.
(etexcmds)             That can mean that you are not using pdfTeX 1.50 or
(etexcmds)             that some package has redefined \expanded.
(etexcmds)             In the latter case, load this package earlier.
Package: kvsetkeys 2012/04/25 v1.16 Key value parser (HO)
Package: kvdefinekeys 2011/04/07 v1.3 Define keys (HO)
Package: pdftexcmds 2011/11/29 v0.20 Utility functions of pdfTeX for LuaTeX (HO
)
Package pdftexcmds Info: LuaTeX not detected.
Package pdftexcmds Info: \pdf@primitive is available.
Package pdftexcmds Info: \pdf@ifprimitive is available.
Package pdftexcmds Info: \pdfdraftmode found.
Package: pdfescape 2011/11/25 v1.13 Implements pdfTeX's escape features (HO)
Package: bigintcalc 2012/04/08 v1.3 Expandable calculations on big integers (HO
)
Package: bitset 2011/01/30 v1.1 Handle bit-vector datatype (HO)
Package: uniquecounter 2011/01/30 v1.2 Provide unlimited unique counter (HO)
)
Package hobsub Info: Skipping package `hobsub' (already loaded).
Package: letltxmacro 2010/09/02 v1.4 Let assignment for LaTeX macros (HO)
Package: hopatch 2012/05/28 v1.2 Wrapper for package hooks (HO)
Package: xcolor-patch 2011/01/30 xcolor patch
Package: atveryend 2011/06/30 v1.8 Hooks at the very end of document (HO)
Package atveryend Info: \enddocument detected (standard20110627).
Package: atbegshi 2011/10/05 v1.16 At begin shipout hook (HO)
Package: refcount 2011/10/16 v3.4 Data extraction from label references (HO)
Package: hycolor 2011/01/30 v1.7 Color options for hyperref/bookmark (HO)
)
(/usr/local/texlive/2015/texmf-dist/tex/generic/ifxetex/ifxetex.sty
Package: ifxetex 2010/09/12 v0.6 Provides ifxetex conditional
)
(/usr/local/texlive/2015/texmf-dist/tex/latex/oberdiek/auxhook.sty
Package: auxhook 2011/03/04 v1.3 Hooks for auxiliary files (HO)
)
(/usr/local/texlive/2015/texmf-dist/tex/latex/oberdiek/kvoptions.sty
Package: kvoptions 2011/06/30 v3.11 Key value format for package options (HO)
)
\@linkdim=\dimen133
\Hy@linkcounter=\count114
\Hy@pagecounter=\count115

(/usr/local/texlive/2015/texmf-dist/tex/latex/hyperref/pd1enc.def
File: pd1enc.def 2012/11/06 v6.83m Hyperref: PDFDocEncoding definition (HO)
)
\Hy@SavedSpaceFactor=\count116

(/usr/local/texlive/2015/texmf-dist/tex/latex/latexconfig/hyperref.cfg
File: hyperref.cfg 2002/06/06 v1.2 hyperref configuration of TeXLive
)
Package hyperref Info: Hyper figures OFF on input line 4443.
Package hyperref Info: Link nesting OFF on input line 4448.
Package hyperref Info: Hyper index ON on input line 4451.
Package hyperref Info: Plain pages OFF on input line 4458.
Package hyperref Info: Backreferencing OFF on input line 4463.
Package hyperref Info: Implicit mode ON; LaTeX internals redefined.
Package hyperref Info: Bookmarks ON on input line 4688.
\c@Hy@tempcnt=\count117
LaTeX Info: Redefining \url on input line 5041.
\XeTeXLinkMargin=\dimen134
\Fld@menulength=\count118
\Field@Width=\dimen135
\Fld@charsize=\dimen136
Package hyperref Info: Hyper figures OFF on input line 6295.
Package hyperref Info: Link nesting OFF on input line 6300.
Package hyperref Info: Hyper index ON on input line 6303.
Package hyperref Info: backreferencing OFF on input line 6310.
Package hyperref Info: Link coloring OFF on input line 6315.
Package hyperref Info: Link coloring with OCG OFF on input line 6320.
Package hyperref Info: PDF/A mode OFF on input line 6325.
LaTeX Info: Redefining \ref on input line 6365.
LaTeX Info: Redefining \pageref on input line 6369.
\Hy@abspage=\count119
\c@Item=\count120
\c@Hfootnote=\count121
)

Package hyperref Message: Driver (autodetected): hpdftex.

(/usr/local/texlive/2015/texmf-dist/tex/latex/hyperref/hpdftex.def
File: hpdftex.def 2012/11/06 v6.83m Hyperref driver for pdfTeX
\Fld@listcount=\count122
\c@bookmark@seq@number=\count123

(/usr/local/texlive/2015/texmf-dist/tex/latex/oberdiek/rerunfilecheck.sty
Package: rerunfilecheck 2011/04/15 v1.7 Rerun checks for auxiliary files (HO)
Package uniquecounter Info: New unique counter `rerunfilecheck' on input line 2
82.
)
\Hy@SectionHShift=\skip60
)
Package hyperref Info: Option `bookmarksopen' set `true' on input line 271.

(/usr/local/texlive/2015/texmf-dist/tex/latex/oberdiek/bookmark.sty
Package: bookmark 2011/12/02 v1.24 PDF bookmarks (HO)

(/usr/local/texlive/2015/texmf-dist/tex/latex/oberdiek/bkm-pdftex.def
File: bkm-pdftex.def 2011/12/02 v1.24 bookmark driver for pdfTeX (HO)
\BKM@id=\count124
))
(/usr/local/texlive/2015/texmf-dist/tex/latex/oberdiek/twoopt.sty
Package: twoopt 2008/08/11 v1.5 Definitions with two optional arguments (HO)
)
(/usr/local/texlive/2015/texmf-dist/tex/latex/footmisc/footmisc.sty
Package: footmisc 2011/06/06 v5.5b a miscellany of footnote facilities
\FN@temptoken=\toks28
\footnotemargin=\dimen137
\c@pp@next@reset=\count125
Package footmisc Info: Declaring symbol style bringhurst on input line 855.
Package footmisc Info: Declaring symbol style chicago on input line 863.
Package footmisc Info: Declaring symbol style wiley on input line 872.
Package footmisc Info: Declaring symbol style lamport-robust on input line 883.

Package footmisc Info: Declaring symbol style lamport* on input line 903.
Package footmisc Info: Declaring symbol style lamport*-robust on input line 924
.
)
(/usr/local/texlive/2015/texmf-dist/tex/latex/tools/tabularx.sty
Package: tabularx 2014/10/28 v2.10 `tabularx' package (DPC)

(/usr/local/texlive/2015/texmf-dist/tex/latex/tools/array.sty
Package: array 2014/10/28 v2.4c Tabular extension package (FMi)
\col@sep=\dimen138
\extrarowheight=\dimen139
\NC@list=\toks29
\extratabsurround=\skip61
\backup@length=\skip62
)
\TX@col@width=\dimen140
\TX@old@table=\dimen141
\TX@old@col=\dimen142
\TX@target=\dimen143
\TX@delta=\dimen144
\TX@cols=\count126
\TX@ftn=\toks30
)
\tfboxrule=\dimen145
\bfboxrule=\dimen146
\BXRuleThickness=\dimen147
\BXleftrightskipdimen=\dimen148
\BXhsize=\dimen149
\FreePageSpace=\dimen150
\ovsize=\dimen151
\adjustskip=\skip63
\BXbox=\box67
\xxptspaceamount=\skip64
\BXboxoutbnewskip=\skip65
\BXdim=\dimen152
\BXgraybox=\box68

(/usr/local/texlive/2015/texmf-dist/tex/latex/varwidth/varwidth.sty
Package: varwidth 2009/03/30 ver 0.92;  Variable-width minipages
\@vwid@box=\box69
\sift@deathcycles=\count127
\@vwid@loff=\dimen153
\@vwid@roff=\dimen154
)
(/usr/local/texlive/2015/texmf-dist/tex/latex/tools/dcolumn.sty
Package: dcolumn 2014/10/28 v1.06 decimal alignment package (DPC)
)
(/usr/local/texlive/2015/texmf-dist/tex/latex/stix/stix.sty
Package: stix 2015/04/17 v1.1.2-latex STIX fonts support package
LaTeX Font Info:    Redeclaring symbol font `letters' on input line 76.
LaTeX Font Info:    Encoding `OML' has changed to `LS1' for symbol font
(Font)              `letters' in the math version `normal' on input line 76.
LaTeX Font Info:    Overwriting symbol font `letters' in version `normal'
(Font)                  OML/cmm/m/it --> LS1/stix/m/it on input line 76.
LaTeX Font Info:    Encoding `OML' has changed to `LS1' for symbol font
(Font)              `letters' in the math version `bold' on input line 76.
LaTeX Font Info:    Overwriting symbol font `letters' in version `bold'
(Font)                  OML/cmm/b/it --> LS1/stix/m/it on input line 76.
LaTeX Font Info:    Redeclaring symbol font `operators' on input line 77.
LaTeX Font Info:    Encoding `OT1' has changed to `LS1' for symbol font
(Font)              `operators' in the math version `normal' on input line 77.
LaTeX Font Info:    Overwriting symbol font `operators' in version `normal'
(Font)                  OT1/cmr/m/n --> LS1/stix/m/n on input line 77.
LaTeX Font Info:    Encoding `OT1' has changed to `LS1' for symbol font
(Font)              `operators' in the math version `bold' on input line 77.
LaTeX Font Info:    Overwriting symbol font `operators' in version `bold'
(Font)                  OT1/cmr/bx/n --> LS1/stix/m/n on input line 77.
\symbold-operators=\mathgroup4
LaTeX Font Info:    Redeclaring symbol font `symbols' on input line 79.
LaTeX Font Info:    Encoding `OMS' has changed to `LS1' for symbol font
(Font)              `symbols' in the math version `normal' on input line 79.
LaTeX Font Info:    Overwriting symbol font `symbols' in version `normal'
(Font)                  OMS/cmsy/m/n --> LS1/stixscr/m/n on input line 79.
LaTeX Font Info:    Encoding `OMS' has changed to `LS1' for symbol font
(Font)              `symbols' in the math version `bold' on input line 79.
LaTeX Font Info:    Overwriting symbol font `symbols' in version `bold'
(Font)                  OMS/cmsy/b/n --> LS1/stixscr/m/n on input line 79.
\symsymbols2=\mathgroup5
\symsymbols3=\mathgroup6
\symsymbols4=\mathgroup7
\symintegrals=\mathgroup8
LaTeX Font Info:    Redeclaring symbol font `largesymbols' on input line 84.
LaTeX Font Info:    Encoding `OMX' has changed to `LS2' for symbol font
(Font)              `largesymbols' in the math version `normal' on input line 8
4.
LaTeX Font Info:    Overwriting symbol font `largesymbols' in version `normal'
(Font)                  OMX/cmex/m/n --> LS2/stixex/m/n on input line 84.
LaTeX Font Info:    Encoding `OMX' has changed to `LS2' for symbol font
(Font)              `largesymbols' in the math version `bold' on input line 84.

LaTeX Font Info:    Overwriting symbol font `largesymbols' in version `bold'
(Font)                  OMX/cmex/m/n --> LS2/stixex/m/n on input line 84.
\symarrows1=\mathgroup9
\symarrows2=\mathgroup10
\symarrows3=\mathgroup11
LaTeX Font Info:    Overwriting symbol font `letters' in version `bold'
(Font)                  LS1/stix/m/it --> LS1/stix/b/it on input line 88.
LaTeX Font Info:    Overwriting symbol font `operators' in version `bold'
(Font)                  LS1/stix/m/n --> LS1/stix/b/n on input line 89.
LaTeX Font Info:    Overwriting symbol font `symbols' in version `bold'
(Font)                  LS1/stixscr/m/n --> LS1/stixscr/b/n on input line 90.
LaTeX Font Info:    Overwriting symbol font `symbols2' in version `bold'
(Font)                  LS1/stixfrak/m/n --> LS1/stixfrak/b/n on input line 91.

LaTeX Font Info:    Overwriting symbol font `symbols3' in version `bold'
(Font)                  LS1/stixbb/m/n --> LS1/stixbb/b/n on input line 92.
LaTeX Font Info:    Overwriting symbol font `symbols4' in version `bold'
(Font)                  LS1/stixbb/m/it --> LS1/stixbb/b/it on input line 93.
LaTeX Font Info:    Overwriting symbol font `integrals' in version `bold'
(Font)                  LS2/stixcal/m/n --> LS2/stixcal/b/n on input line 94.
LaTeX Font Info:    Overwriting symbol font `largesymbols' in version `bold'
(Font)                  LS2/stixex/m/n --> LS2/stixex/b/n on input line 95.
LaTeX Font Info:    Overwriting symbol font `arrows1' in version `bold'
(Font)                  LS1/stixsf/m/n --> LS1/stixsf/b/n on input line 96.
LaTeX Font Info:    Overwriting symbol font `arrows2' in version `bold'
(Font)                  LS1/stixsf/m/it --> LS1/stixsf/b/it on input line 97.
LaTeX Font Info:    Overwriting symbol font `arrows3' in version `bold'
(Font)                  LS2/stixtt/m/n --> LS2/stixtt/b/n on input line 98.
LaTeX Font Info:    Redeclaring math alphabet \mathit on input line 99.
LaTeX Font Info:    Redeclaring math alphabet \mathsf on input line 106.
LaTeX Font Info:    Redeclaring math alphabet \mathtt on input line 108.
LaTeX Font Info:    Redeclaring math alphabet \mathbf on input line 109.
LaTeX Info: Redefining \vdots on input line 1518.
LaTeX Info: Redefining \cdots on input line 1522.
LaTeX Info: Redefining \not on input line 2144.
)
(/usr/local/texlive/2015/texmf-dist/tex/latex/base/fontenc.sty
Package: fontenc 2005/09/27 v1.99g Standard LaTeX package

(/usr/local/texlive/2015/texmf-dist/tex/latex/base/t1enc.def
File: t1enc.def 2005/09/27 v1.99g Standard LaTeX file
LaTeX Font Info:    Redeclaring font encoding T1 on input line 48.
))
\trimwidth=\skip66
\trimheight=\skip67
\typewidth=\skip68
\typeheight=\skip69
\normaltextheight=\skip70
\blindfoliodrop=\skip71
\figheight=\skip72
\figwidth=\skip73
\tabledim=\skip74
\columnhsizevalue=\dimen155
\abs@coli@hsize=\skip75
\abs@colii@hsize=\skip76

(/usr/local/texlive/2015/texmf-dist/tex/latex/geometry/geometry.sty
Package: geometry 2010/09/12 v5.6 Page Geometry
\Gm@cnth=\count128
\Gm@cntv=\count129
\c@Gm@tempcnt=\count130
\Gm@bindingoffset=\dimen156
\Gm@wd@mp=\dimen157
\Gm@odd@mp=\dimen158
\Gm@even@mp=\dimen159
\Gm@layoutwidth=\dimen160
\Gm@layoutheight=\dimen161
\Gm@layouthoffset=\dimen162
\Gm@layoutvoffset=\dimen163
\Gm@dimlist=\toks31
)
\parindentvalue=\dimen164
\pageheight=\dimen165
\rulecount=\count131
\leftcolrulepos=\dimen166
\rightcolrulepos=\dimen167

(/usr/local/texlive/2015/texmf-dist/tex/latex/eso-pic/showframe.sty
Package: showframe 2011/02/24 v0.1i showframe (new impl., RN)

(/usr/local/texlive/2015/texmf-dist/tex/latex/eso-pic/eso-pic.sty
Package: eso-pic 2015/04/20 v2.0e eso-pic (RN)
))
\artopleftskipdim=\dimen168
\@xmlpage=\write3
\c@spagecounter=\count132
\c@lpagecounter=\count133
LaTeX Info: Redefining \rm on input line 1294.
LaTeX Info: Redefining \sf on input line 1295.
LaTeX Info: Redefining \tt on input line 1296.
LaTeX Info: Redefining \bf on input line 1297.
LaTeX Info: Redefining \it on input line 1298.
LaTeX Info: Redefining \sl on input line 1299.
LaTeX Info: Redefining \sc on input line 1300.
LaTeX Info: Redefining \cal on input line 1301.
LaTeX Info: Redefining \mit on input line 1302.
\aucount=\count134
\corrauthcount=\count135
\authfncnt=\count136
\authfnTmpCnt=\count137
\aufootnotemark=\box70
\authmarkbox=\box71
\c@affn=\count138
\addcount=\count139
\emailcount=\count140
\punctcount=\count141
\foot@titlepage@raise@skip=\skip77
\lastauthorcnt=\count142
\fundinginfocount=\count143
\commafundinginfocount=\count144
\fundinginfotempcount=\count145
\tempfundinginfocount=\count146
\JELinfocount=\count147
\commaJELinfocount=\count148
\JELinfotempcount=\count149
\tempJELinfocount=\count150
\htftbox=\box72
\ovsize=\dimen169
\oovsize=\dimen170
\FreePageSpace=\dimen171
\FreePageSpaceTest=\dimen172
\fadjskip=\skip78
\adjustskip=\skip79
\titleskip=\skip80
\abs@boxa=\box73
\abs@boxb=\box74
\abs@boxc=\box75
\abs@dima=\dimen173
\abs@dimb=\dimen174
\abs@dimc=\dimen175
\adjtitleskip=\skip81
\c@chapter=\count151
\secruleskip=\skip82
\rhverticalsep=\skip83

(./NJDnatbib.sty
Package: NJDnatbib 2010/09/13 8.31b (PWD, AO)
\bibhang=\skip84
\bibsep=\skip85
LaTeX Info: Redefining \cite on input line 700.
\c@NAT@ctr=\count152
)
\c@scheme=\count153

(/usr/local/texlive/2015/texmf-dist/tex/latex/booktabs/booktabs.sty
Package: booktabs 2005/04/14 v1.61803 publication quality tables
\heavyrulewidth=\dimen176
\lightrulewidth=\dimen177
\cmidrulewidth=\dimen178
\belowrulesep=\dimen179
\belowbottomsep=\dimen180
\aboverulesep=\dimen181
\abovetopsep=\dimen182
\cmidrulesep=\dimen183
\cmidrulekern=\dimen184
\defaultaddspace=\dimen185
\@cmidla=\count154
\@cmidlb=\count155
\@aboverulesep=\dimen186
\@belowrulesep=\dimen187
\@thisruleclass=\count156
\@lastruleclass=\count157
\@thisrulewidth=\dimen188
)
(/usr/local/texlive/2015/texmf-dist/tex/latex/amsmath/amsmath.sty
Package: amsmath 2013/01/14 v2.14 AMS math features
\@mathmargin=\skip86

For additional information on amsmath, use the `?' option.
(/usr/local/texlive/2015/texmf-dist/tex/latex/amsmath/amstext.sty
Package: amstext 2000/06/29 v2.01

(/usr/local/texlive/2015/texmf-dist/tex/latex/amsmath/amsgen.sty
File: amsgen.sty 1999/11/30 v2.0
\@emptytoks=\toks32
\ex@=\dimen189
))
(/usr/local/texlive/2015/texmf-dist/tex/latex/amsmath/amsbsy.sty
Package: amsbsy 1999/11/29 v1.2d
\pmbraise@=\dimen190
)
(/usr/local/texlive/2015/texmf-dist/tex/latex/amsmath/amsopn.sty
Package: amsopn 1999/12/14 v2.01 operator names
)
\inf@bad=\count158
LaTeX Info: Redefining \frac on input line 210.
\uproot@=\count159
\leftroot@=\count160
LaTeX Info: Redefining \overline on input line 306.
\classnum@=\count161
\DOTSCASE@=\count162
LaTeX Info: Redefining \ldots on input line 378.
LaTeX Info: Redefining \dots on input line 381.
\Mathstrutbox@=\box76
\strutbox@=\box77
\big@size=\dimen191
LaTeX Font Info:    Redeclaring font encoding OML on input line 566.
LaTeX Font Info:    Redeclaring font encoding OMS on input line 567.
\macc@depth=\count163
\c@MaxMatrixCols=\count164
\dotsspace@=\muskip11
\c@parentequation=\count165
\dspbrk@lvl=\count166
\tag@help=\toks33
\row@=\count167
\column@=\count168
\maxfields@=\count169
\andhelp@=\toks34
\eqnshift@=\dimen192
\alignsep@=\dimen193
\tagshift@=\dimen194
\tagwidth@=\dimen195
\totwidth@=\dimen196
\lineht@=\dimen197
\@envbody=\toks35
\multlinegap=\skip87
\multlinetaggap=\skip88
\mathdisplay@stack=\toks36
LaTeX Info: Redefining \[ on input line 2665.
LaTeX Info: Redefining \] on input line 2666.
)
(/usr/local/texlive/2015/texmf-dist/tex/latex/amscls/amsthm.sty
Package: amsthm 2015/03/04 v2.20.2
\thm@style=\toks37
\thm@bodyfont=\toks38
\thm@headfont=\toks39
\thm@notefont=\toks40
\thm@headpunct=\toks41
\thm@preskip=\skip89
\thm@postskip=\skip90
\thm@headsep=\skip91
\dth@everypar=\toks42
)
\c@theorem=\count170
\c@construction=\count171
\c@estimate=\count172
\c@lemma=\count173
\c@corollary=\count174
\c@result=\count175
\c@algth=\count176
\c@proposition=\count177
\c@hypothesis=\count178
\c@experiment=\count179
\c@LWrule=\count180
\c@procedure=\count181
\c@assertion=\count182
\c@axiom=\count183
\c@conjecture=\count184
\c@criterion=\count185
\c@reduction=\count186
\c@sublemma=\count187
\c@case=\count188
\c@remark=\count189
\c@notation=\count190
\c@answer=\count191
\c@base=\count192
\c@claim=\count193
\c@ccomment=\count194
\c@subproof=\count195
\c@conclusion=\count196
\c@observation=\count197
\c@subcase=\count198
\c@step=\count199
\c@summary=\count200
\c@definition=\count201
\c@condition=\count202
\c@property=\count203
\c@problem=\count204
\c@fact=\count205
\c@assumption=\count206
\c@eexample=\count207
\c@model=\count208
\c@affirmation=\count209
\c@application=\count210
\c@convention=\count211
\c@discussion=\count212
\c@exercise=\count213
\c@question=\count214
\c@scholium=\count215
\c@terminology=\count216
\c@printcitcnt=\count217
\c@@pps=\count218
\c@@ppsavesec=\count219
\c@@ppsaveapp=\count220

(/usr/local/texlive/2015/texmf-dist/tex/latex/algorithms/algorithm.sty
Package: algorithm 2009/08/24 v0.1 Document Style `algorithm' - floating enviro
nment
\@float@every@algorithm=\toks43
\c@algorithm=\count221
)
(/usr/local/texlive/2015/texmf-dist/tex/latex/algorithmicx/algorithmicx.sty
Package: algorithmicx 2005/04/27 v1.2 Algorithmicx

Document Style algorithmicx 1.2 - a greatly improved `algorithmic' style
\c@ALG@line=\count222
\c@ALG@rem=\count223
\c@ALG@nested=\count224
\ALG@tlm=\skip92
\ALG@thistlm=\skip93
\c@ALG@Lnr=\count225
\c@ALG@blocknr=\count226
\c@ALG@storecount=\count227
\c@ALG@tmpcounter=\count228
\ALG@tmplength=\skip94
) (/usr/local/texlive/2015/texmf-dist/tex/latex/algorithmicx/algpseudocode.sty
Package: algpseudocode 

Document Style - pseudocode environments for use with the `algorithmicx' style
) (/usr/local/texlive/2015/texmf-dist/tex/latex/listings/listings.sty
\lst@mode=\count229
\lst@gtempboxa=\box78
\lst@token=\toks44
\lst@length=\count230
\lst@currlwidth=\dimen198
\lst@column=\count231
\lst@pos=\count232
\lst@lostspace=\dimen199
\lst@width=\dimen200
\lst@newlines=\count233
\lst@lineno=\count266
\lst@maxwidth=\dimen201

(/usr/local/texlive/2015/texmf-dist/tex/latex/listings/lstmisc.sty
File: lstmisc.sty 2014/09/06 1.5e (Carsten Heinz)
\c@lstnumber=\count267
\lst@skipnumbers=\count268
\lst@framebox=\box79
)
(/usr/local/texlive/2015/texmf-dist/tex/latex/listings/listings.cfg
File: listings.cfg 2014/09/06 1.5e listings configuration
))
Package: listings 2014/09/06 1.5e (Carsten Heinz)

(/usr/local/texlive/2015/texmf-dist/tex/latex/base/alltt.sty
Package: alltt 1997/06/16 v2.0g defines alltt environment
)
\jnlcitationbox=\box80
\jnlcithsize=\dimen202

(/usr/local/texlive/2015/texmf-dist/tex/latex/wrapfig/wrapfig.sty
\wrapoverhang=\dimen203
\WF@size=\dimen204
\c@WF@wrappedlines=\count269
\WF@box=\box81
\WF@everypar=\toks45
Package: wrapfig 2003/01/31  v 3.6
)
\wraplines=\count270
\@authorfigbox=\box82
\@authorfigboxdim=\skip95
\biofigadjskip=\skip96
)
(/usr/local/texlive/2015/texmf-dist/tex/latex/framed/framed.sty
Package: framed 2011/10/22 v 0.96: framed or shaded text with page breaks
\OuterFrameSep=\skip97
\fb@frw=\dimen205
\fb@frh=\dimen206
\FrameRule=\dimen207
\FrameSep=\dimen208
)
(/usr/local/texlive/2015/texmf-dist/tex/latex/upquote/upquote.sty
Package: upquote 2012/04/19 v1.3 upright-quote and grave-accent glyphs in verba
tim

(/usr/local/texlive/2015/texmf-dist/tex/latex/base/textcomp.sty
Package: textcomp 2005/09/27 v1.99g Standard LaTeX package
Package textcomp Info: Sub-encoding information:
(textcomp)               5 = only ISO-Adobe without \textcurrency
(textcomp)               4 = 5 + \texteuro
(textcomp)               3 = 4 + \textohm
(textcomp)               2 = 3 + \textestimated + \textcurrency
(textcomp)               1 = TS1 - \textcircled - \t
(textcomp)               0 = TS1 (full)
(textcomp)             Font families with sub-encoding setting implement
(textcomp)             only a restricted character set as indicated.
(textcomp)             Family '?' is the default used for unknown fonts.
(textcomp)             See the documentation for details.
Package textcomp Info: Setting ? sub-encoding to TS1/1 on input line 79.

(/usr/local/texlive/2015/texmf-dist/tex/latex/base/ts1enc.def
File: ts1enc.def 2001/06/05 v3.0e (jk/car/fm) Standard LaTeX file
)
LaTeX Info: Redefining \oldstylenums on input line 334.
Package textcomp Info: Setting cmr sub-encoding to TS1/0 on input line 349.
Package textcomp Info: Setting cmss sub-encoding to TS1/0 on input line 350.
Package textcomp Info: Setting cmtt sub-encoding to TS1/0 on input line 351.
Package textcomp Info: Setting cmvtt sub-encoding to TS1/0 on input line 352.
Package textcomp Info: Setting cmbr sub-encoding to TS1/0 on input line 353.
Package textcomp Info: Setting cmtl sub-encoding to TS1/0 on input line 354.
Package textcomp Info: Setting ccr sub-encoding to TS1/0 on input line 355.
Package textcomp Info: Setting ptm sub-encoding to TS1/4 on input line 356.
Package textcomp Info: Setting pcr sub-encoding to TS1/4 on input line 357.
Package textcomp Info: Setting phv sub-encoding to TS1/4 on input line 358.
Package textcomp Info: Setting ppl sub-encoding to TS1/3 on input line 359.
Package textcomp Info: Setting pag sub-encoding to TS1/4 on input line 360.
Package textcomp Info: Setting pbk sub-encoding to TS1/4 on input line 361.
Package textcomp Info: Setting pnc sub-encoding to TS1/4 on input line 362.
Package textcomp Info: Setting pzc sub-encoding to TS1/4 on input line 363.
Package textcomp Info: Setting bch sub-encoding to TS1/4 on input line 364.
Package textcomp Info: Setting put sub-encoding to TS1/5 on input line 365.
Package textcomp Info: Setting uag sub-encoding to TS1/5 on input line 366.
Package textcomp Info: Setting ugq sub-encoding to TS1/5 on input line 367.
Package textcomp Info: Setting ul8 sub-encoding to TS1/4 on input line 368.
Package textcomp Info: Setting ul9 sub-encoding to TS1/4 on input line 369.
Package textcomp Info: Setting augie sub-encoding to TS1/5 on input line 370.
Package textcomp Info: Setting dayrom sub-encoding to TS1/3 on input line 371.
Package textcomp Info: Setting dayroms sub-encoding to TS1/3 on input line 372.

Package textcomp Info: Setting pxr sub-encoding to TS1/0 on input line 373.
Package textcomp Info: Setting pxss sub-encoding to TS1/0 on input line 374.
Package textcomp Info: Setting pxtt sub-encoding to TS1/0 on input line 375.
Package textcomp Info: Setting txr sub-encoding to TS1/0 on input line 376.
Package textcomp Info: Setting txss sub-encoding to TS1/0 on input line 377.
Package textcomp Info: Setting txtt sub-encoding to TS1/0 on input line 378.
Package textcomp Info: Setting lmr sub-encoding to TS1/0 on input line 379.
Package textcomp Info: Setting lmdh sub-encoding to TS1/0 on input line 380.
Package textcomp Info: Setting lmss sub-encoding to TS1/0 on input line 381.
Package textcomp Info: Setting lmssq sub-encoding to TS1/0 on input line 382.
Package textcomp Info: Setting lmvtt sub-encoding to TS1/0 on input line 383.
Package textcomp Info: Setting lmtt sub-encoding to TS1/0 on input line 384.
Package textcomp Info: Setting qhv sub-encoding to TS1/0 on input line 385.
Package textcomp Info: Setting qag sub-encoding to TS1/0 on input line 386.
Package textcomp Info: Setting qbk sub-encoding to TS1/0 on input line 387.
Package textcomp Info: Setting qcr sub-encoding to TS1/0 on input line 388.
Package textcomp Info: Setting qcs sub-encoding to TS1/0 on input line 389.
Package textcomp Info: Setting qpl sub-encoding to TS1/0 on input line 390.
Package textcomp Info: Setting qtm sub-encoding to TS1/0 on input line 391.
Package textcomp Info: Setting qzc sub-encoding to TS1/0 on input line 392.
Package textcomp Info: Setting qhvc sub-encoding to TS1/0 on input line 393.
Package textcomp Info: Setting futs sub-encoding to TS1/4 on input line 394.
Package textcomp Info: Setting futx sub-encoding to TS1/4 on input line 395.
Package textcomp Info: Setting futj sub-encoding to TS1/4 on input line 396.
Package textcomp Info: Setting hlh sub-encoding to TS1/3 on input line 397.
Package textcomp Info: Setting hls sub-encoding to TS1/3 on input line 398.
Package textcomp Info: Setting hlst sub-encoding to TS1/3 on input line 399.
Package textcomp Info: Setting hlct sub-encoding to TS1/5 on input line 400.
Package textcomp Info: Setting hlx sub-encoding to TS1/5 on input line 401.
Package textcomp Info: Setting hlce sub-encoding to TS1/5 on input line 402.
Package textcomp Info: Setting hlcn sub-encoding to TS1/5 on input line 403.
Package textcomp Info: Setting hlcw sub-encoding to TS1/5 on input line 404.
Package textcomp Info: Setting hlcf sub-encoding to TS1/5 on input line 405.
Package textcomp Info: Setting pplx sub-encoding to TS1/3 on input line 406.
Package textcomp Info: Setting pplj sub-encoding to TS1/3 on input line 407.
Package textcomp Info: Setting ptmx sub-encoding to TS1/4 on input line 408.
Package textcomp Info: Setting ptmj sub-encoding to TS1/4 on input line 409.
))

LaTeX Warning: Unused global option(s):
    [AMA,STIX1COL].

(./reproducibility-knitr.aux)
\openout1 = `reproducibility-knitr.aux'.

LaTeX Font Info:    Checking defaults for OML/cmm/m/it on input line 61.
LaTeX Font Info:    ... okay on input line 61.
LaTeX Font Info:    Checking defaults for T1/cmr/m/n on input line 61.
LaTeX Font Info:    ... okay on input line 61.
LaTeX Font Info:    Checking defaults for OT1/cmr/m/n on input line 61.
LaTeX Font Info:    ... okay on input line 61.
LaTeX Font Info:    Checking defaults for OMS/cmsy/m/n on input line 61.
LaTeX Font Info:    ... okay on input line 61.
LaTeX Font Info:    Checking defaults for OMX/cmex/m/n on input line 61.
LaTeX Font Info:    ... okay on input line 61.
LaTeX Font Info:    Checking defaults for U/cmr/m/n on input line 61.
LaTeX Font Info:    ... okay on input line 61.
LaTeX Font Info:    Checking defaults for PD1/pdf/m/n on input line 61.
LaTeX Font Info:    ... okay on input line 61.
LaTeX Font Info:    Checking defaults for LS1/stix/m/n on input line 61.
LaTeX Font Info:    Try loading font information for LS1+stix on input line 61.


(/usr/local/texlive/2015/texmf-dist/tex/latex/stix/ls1stix.fd
File: ls1stix.fd 2015/04/17 v1.1.2-latex STIX LS1 font definitions
)
LaTeX Font Info:    ... okay on input line 61.
LaTeX Font Info:    Checking defaults for LS2/stix/m/n on input line 61.
LaTeX Font Info:    Try loading font information for LS2+stix on input line 61.


(/usr/local/texlive/2015/texmf-dist/tex/latex/stix/ls2stix.fd
File: ls2stix.fd 2015/04/17 v1.1.2-latex STIX LS2 font definitions
)
LaTeX Font Info:    ... okay on input line 61.
LaTeX Font Info:    Checking defaults for TS1/cmr/m/n on input line 61.
LaTeX Font Info:    Try loading font information for TS1+cmr on input line 61.

(/usr/local/texlive/2015/texmf-dist/tex/latex/base/ts1cmr.fd
File: ts1cmr.fd 2014/09/29 v2.5h Standard LaTeX font definitions
)
LaTeX Font Info:    ... okay on input line 61.
LaTeX Font Info:    Try loading font information for T1+stix on input line 61.

(/usr/local/texlive/2015/texmf-dist/tex/latex/stix/t1stix.fd
File: t1stix.fd 2015/04/17 v1.1.2-latex STIX T1 font definitions
)
(/usr/local/texlive/2015/texmf-dist/tex/context/base/supp-pdf.mkii
[Loading MPS to PDF converter (version 2006.09.02).]
\scratchcounter=\count271
\scratchdimen=\dimen209
\scratchbox=\box83
\nofMPsegments=\count272
\nofMParguments=\count273
\everyMPshowfont=\toks46
\MPscratchCnt=\count274
\MPscratchDim=\dimen210
\MPnumerator=\count275
\makeMPintoPDFobject=\count276
\everyMPtoPDFconversion=\toks47
) (/usr/local/texlive/2015/texmf-dist/tex/latex/oberdiek/epstopdf-base.sty
Package: epstopdf-base 2010/02/09 v2.5 Base part for package epstopdf

(/usr/local/texlive/2015/texmf-dist/tex/latex/oberdiek/grfext.sty
Package: grfext 2010/08/19 v1.1 Manage graphics extensions (HO)
)
Package grfext Info: Graphics extension search list:
(grfext)             [.png,.pdf,.jpg,.mps,.jpeg,.jbig2,.jb2,.PNG,.PDF,.JPG,.JPE
G,.JBIG2,.JB2,.eps]
(grfext)             \AppendGraphicsExtensions on input line 452.

(/usr/local/texlive/2015/texmf-dist/tex/latex/latexconfig/epstopdf-sys.cfg
File: epstopdf-sys.cfg 2010/07/13 v1.3 Configuration of (r)epstopdf for TeX Liv
e
))
Package caption Info: Begin \AtBeginDocument code.
Package caption Info: hyperref package is loaded.
Package caption Info: listings package is loaded.
Package caption Info: wrapfig package is loaded.
Package caption Info: End \AtBeginDocument code.
\AtBeginShipoutBox=\box84
Package hyperref Info: Link coloring OFF on input line 61.

(/usr/local/texlive/2015/texmf-dist/tex/latex/hyperref/nameref.sty
Package: nameref 2012/10/27 v2.43 Cross-referencing by name of section

(/usr/local/texlive/2015/texmf-dist/tex/generic/oberdiek/gettitlestring.sty
Package: gettitlestring 2010/12/03 v1.4 Cleanup title references (HO)
)
\c@section@level=\count277
)
LaTeX Info: Redefining \ref on input line 61.
LaTeX Info: Redefining \pageref on input line 61.
LaTeX Info: Redefining \nameref on input line 61.

*geometry* driver: auto-detecting
*geometry* detected driver: pdftex
*geometry* verbose mode - [ preamble ] result:
* driver: pdftex
* paper: custom
* layout: <same size as paper>
* layoutoffset:(h,v)=(0.0pt,0.0pt)
* hratio: 1:1
* vratio: 1:1
* modes: twoside 
* h-part:(L,W,R)=(45.0pt, 507.50787pt, 45.0pt)
* v-part:(T,H,B)=(57.5pt, 668.79605pt, 59.0pt)
* \paperwidth=597.50787pt
* \paperheight=785.29605pt
* \textwidth=507.50787pt
* \textheight=668.79605pt
* \oddsidemargin=-27.26999pt
* \evensidemargin=-27.26999pt
* \topmargin=-46.76999pt
* \headheight=21.0pt
* \headsep=11.0pt
* \topskip=6.0pt
* \footskip=48.5pt
* \marginparwidth=0.0pt
* \marginparsep=0.0pt
* \columnsep=0.0pt
* \skip\footins=18.0pt plus 2.0pt minus 2.0pt
* \hoffset=0.0pt
* \voffset=0.0pt
* \mag=1000
* \@twocolumnfalse
* \@twosidetrue
* \@mparswitchtrue
* \@reversemarginfalse
* (1in=72.27pt=25.4mm, 1cm=28.453pt)

\c@lstlisting=\count278
LaTeX Font Info:    Font shape `T1/stix/bx/n' in size <9> not available
(Font)              Font shape `T1/stix/b/n' tried instead on input line 102.
LaTeX Font Info:    Font shape `T1/stix/bx/n' in size <18> not available
(Font)              Font shape `T1/stix/b/n' tried instead on input line 102.
LaTeX Font Info:    Try loading font information for LS1+stixscr on input line 
102.
(/usr/local/texlive/2015/texmf-dist/tex/latex/stix/ls1stixscr.fd
File: ls1stixscr.fd 2015/04/17 v1.1.2-latex STIX script LS1 font definitions
)
LaTeX Font Info:    Try loading font information for LS2+stixex on input line 1
02.

(/usr/local/texlive/2015/texmf-dist/tex/latex/stix/ls2stixex.fd
File: ls2stixex.fd 2015/04/17 v1.1.2-latex STIX extentions LS2 font definitions

)
LaTeX Font Info:    Try loading font information for LS1+stixfrak on input line
 102.

(/usr/local/texlive/2015/texmf-dist/tex/latex/stix/ls1stixfrak.fd
File: ls1stixfrak.fd 2015/04/17 v1.1.2-latex STIX fraktur LS1 font definitions
)
LaTeX Font Info:    Try loading font information for LS1+stixbb on input line 1
02.

(/usr/local/texlive/2015/texmf-dist/tex/latex/stix/ls1stixbb.fd
File: ls1stixbb.fd 2015/04/17 v1.1.2-latex STIX blackboard LS1 font definitions

)
LaTeX Font Info:    Try loading font information for LS2+stixcal on input line 
102.

(/usr/local/texlive/2015/texmf-dist/tex/latex/stix/ls2stixcal.fd
File: ls2stixcal.fd 2015/04/17 v1.1.2-latex STIX calligraphic LS2 font definiti
ons
)
LaTeX Font Info:    Try loading font information for LS1+stixsf on input line 1
02.

(/usr/local/texlive/2015/texmf-dist/tex/latex/stix/ls1stixsf.fd
File: ls1stixsf.fd 2015/04/17 v1.1.2-latex STIX sans-serif LS1 font definitions

)
LaTeX Font Info:    Try loading font information for LS2+stixtt on input line 1
02.

(/usr/local/texlive/2015/texmf-dist/tex/latex/stix/ls2stixtt.fd
File: ls2stixtt.fd 2015/04/17 v1.1.2-latex STIX typewriter LS2 font definitions

)
LaTeX Font Info:    Font shape `T1/stix/bx/n' in size <8> not available
(Font)              Font shape `T1/stix/b/n' tried instead on input line 102.
LaTeX Font Info:    Font shape `T1/stix/bx/n' in size <10> not available
(Font)              Font shape `T1/stix/b/n' tried instead on input line 102.

Overfull \vbox (4.5pt too high) detected at line 102
 []


Overfull \hbox (346.99213pt too wide) in paragraph at lines 102--102
[][] | || []|[][] 
 []

LaTeX Font Info:    Calculating math sizes for size <10.03749> on input line 10
2.
LaTeX Font Info:    Try loading font information for T1+cmtt on input line 108.

(/usr/local/texlive/2015/texmf-dist/tex/latex/base/t1cmtt.fd
File: t1cmtt.fd 2014/09/29 v2.5h Standard LaTeX font definitions
)
LaTeX Font Info:    Font shape `T1/cmtt/bx/n' in size <10.03749> not available
(Font)              Font shape `T1/cmtt/m/n' tried instead on input line 109.

Overfull \vbox (6.46347pt too high) has occurred while \output is active []


[1{/usr/local/texlive/2015/texmf-var/fonts/map/pdftex/updmap/pdftex.map}

\openout3 = `reproducibility-knitr.pag'.

]
LaTeX Font Info:    Font shape `T1/stix/bx/n' in size <7> not available
(Font)              Font shape `T1/stix/b/n' tried instead on input line 169.

[2] [3]
LaTeX Font Info:    Try loading font information for T1+cmss on input line 191.

 (/usr/local/texlive/2015/texmf-dist/tex/latex/base/t1cmss.fd
File: t1cmss.fd 2014/09/29 v2.5h Standard LaTeX font definitions
)
LaTeX Font Info:    Font shape `T1/stix/bx/n' in size <12> not available
(Font)              Font shape `T1/stix/b/n' tried instead on input line 210.

Overfull \hbox (69.85114pt too wide) in paragraph at lines 245--245
[][]\T1/cmtt/m/n/10 p[][]<-[][]ggplot[][]([][]data[] []=[] []data.frame[][]([][
]maxy[] []=[] []dnorm[][]([][].4[][],[] [].4[][],[][].2[][])[][]/[][].6[][],[] 
[]x[] []= mu,[] []y[] []=[] []dnorm[][](mu,[] [].4[][],[][].2[][]),[] []xl[][]=
[][]0[][],[] []xu[][]=[][]0[][],[][]yl[][]=[][]0[][],[][]yu[][]=[][].4[][]))[][
]+[][] 
 []

[4] <figure/unnamed-chunk-3-1.pdf, id=83, 505.89pt x 505.89pt>
File: figure/unnamed-chunk-3-1.pdf Graphic file (type pdf)

<use figure/unnamed-chunk-3-1.pdf>
Package pdftex.def Info: figure/unnamed-chunk-3-1.pdf used on input line 257.
(pdftex.def)             Requested size: 505.88875pt x 505.89645pt.

<figure/unnamed-chunk-5-1.pdf, id=84, 505.89pt x 505.89pt>
File: figure/unnamed-chunk-5-1.pdf Graphic file (type pdf)

<use figure/unnamed-chunk-5-1.pdf>
Package pdftex.def Info: figure/unnamed-chunk-5-1.pdf used on input line 309.
(pdftex.def)             Requested size: 505.88875pt x 505.89645pt.
 [5] [6 <./figure/unnamed-chunk-3-1.pdf>]
[7 <./figure/unnamed-chunk-5-1.pdf>]
Overfull \hbox (22.61267pt too wide) in paragraph at lines 371--371
[]  []\T1/cmtt/m/n/10 labs[][]([][]title[] []=[] []"Distribution of Transformed
 Probability of Effect\n with Bayes Factor Approximation"[][],[][] 
 []

<figure/unnamed-chunk-7-1.pdf, id=121, 505.89pt x 505.89pt>
File: figure/unnamed-chunk-7-1.pdf Graphic file (type pdf)

<use figure/unnamed-chunk-7-1.pdf>
Package pdftex.def Info: figure/unnamed-chunk-7-1.pdf used on input line 383.
(pdftex.def)             Requested size: 505.88875pt x 505.89645pt.
 [8] [9 <./figure/unnamed-chunk-7-1.pdf>]
[10] [11]
LaTeX Font Info:    Try loading font information for TS1+cmtt on input line 541
.
 (/usr/local/texlive/2015/texmf-dist/tex/latex/base/ts1cmtt.fd
File: ts1cmtt.fd 2014/09/29 v2.5h Standard LaTeX font definitions
)
Overfull \hbox (64.60242pt too wide) in paragraph at lines 588--588
[][]\T1/cmtt/m/n/10 results[] []<-[][]data.frame[][]([][]t[][]([][]apply[][]([]
[]matrix[][]([][]as.numeric[][]([][]runif[][](n.sim)[][]<[][]pi)),[][]1[][],[] 
[]function[][]([][]x[][])[] []all[][](x, N, n.samp,[] [].2[][],[] [].05[][]))))
[][] 
 []

[12]
Overfull \hbox (484.49988pt too wide) in paragraph at lines 614--614
[][]\T1/cmtt/m/n/10 p[][]<-[] []ggplot[][]([][]data[] []=[] []melt[][](estimato
rs),[] []aes[][]([][]x[][]=variable,[] []y[][]=value))[] []+[] []geom_boxplot[]
[]()[][]+[][]labs[][]([][]x[][]=[] []"Estimator"[][],[] []y[][]=[][]"|Bias|"[][
],[] []title[][]=[] []"Bias Distribution by Estimator"[][])[][]+[][]theme_minim
al[][]()[] []+[] []scale_colour_few[][]()[][] 
 []


Overfull \hbox (1271.80762pt too wide) in paragraph at lines 616--616
[][]\T1/cmtt/m/n/10 kable[][]([][]t[][]([][]c[][]([][]Bayes.mean[] []=[] []sqrt
[][]([][]sum[][](estimators[][]$[][]Bayes.mean[][]^[][]2[][])),[] []Bayes.media
n[][]=[] []sqrt[][]([][]sum[][](estimators[][]$[][]Bayes.median[][]^[][]2[][]))
,[] []Bayes.mode[] []=[] []sqrt[][]([][]sum[][](estimators[][]$[][]Bayes.mode[]
[]^[][]2[][])),[][]cond.mean[] []=[] []sqrt[][]([][]sum[][](estimators[][]$[][]
cond.mean[][]^[][]2[][])),[] []cond.mode[] []=[] []sqrt[][]([][]sum[][](estimat
ors[][]$[][]cond.mode[][]^[][]2[][])),[] []naive[][]=[] []sqrt[][]([][]sum[][](
estimators[][]$[][]naive[][]^[][]2[][])))),[] []caption[] []=[] []"RMSE of 100 
simulations"[][],[] []digits[][]=[][]3[][])[][] 
 []

LaTeX Font Info:    Font shape `T1/stix/bx/n' in size <10.03749> not available
(Font)              Font shape `T1/stix/b/n' tried instead on input line 620.
<figure/unnamed-chunk-12-1.pdf, id=166, 505.89pt x 505.89pt>
File: figure/unnamed-chunk-12-1.pdf Graphic file (type pdf)

<use figure/unnamed-chunk-12-1.pdf>
Package pdftex.def Info: figure/unnamed-chunk-12-1.pdf used on input line 638.
(pdftex.def)             Requested size: 505.88875pt x 505.89645pt.
 [13]
Overfull \hbox (1591.97943pt too wide) in paragraph at lines 650--650
[][]\T1/cmtt/m/n/10 p[][]<-[][]ggplot[][]([][]data[] []= results)[][]+[] []geom
_point[][]([][]aes[][]([][]x[] []= conf.upper[][]-[][]conf.lower,[] []y[] []= c
red.upper[][]-[][]cred.lower,[] []colour[] []=[] []abs[][](Ybar)))[][]+[][]geom
_abline[][]([][]intercept[] []=[] []0[][],[] []slope[] []=[] []1[][])[][]+[][]g
eom_hline[][]([][]yintercept[][]=[][]2[][]*[][]1.96[][]*[][]sqrt[][]([][]1[][]/
[][]100[][]))[][]+[][]geom_vline[][]([][]xintercept[][]=[][]2[][]*[][]1.96[][]*
[][]sqrt[][]([][]1[][]/[][]100[][]))[][]+[][]labs[][]([][]x[][]=[][]"Length of 
(Conditional) Confidence Interval"[][],[][]y[][]=[][]"Length of (Bayesian) Cred
ible Interval"[][],[] []title[][]=[][]"Interval Size Comparison"[][],[][]color[
][]=[][]"|Ybar|"[][])[][]+[][]theme_minimal[][]()[][] 
 []

<figure/unnamed-chunk-14-1.pdf, id=173, 505.89pt x 505.89pt>
File: figure/unnamed-chunk-14-1.pdf Graphic file (type pdf)

<use figure/unnamed-chunk-14-1.pdf>
Package pdftex.def Info: figure/unnamed-chunk-14-1.pdf used on input line 659.
(pdftex.def)             Requested size: 505.88875pt x 505.89645pt.

Overfull \hbox (87.33298pt too wide) in paragraph at lines 688--688
[][]\T1/cmtt/m/it/10 # kable(t(data.frame(naive = c(mean(results$naive.cov),mea
n(results[b,]$naive.cov),mean(results[-b,]$naive.cov)),[][] 
 []


Overfull \hbox (55.84067pt too wide) in paragraph at lines 689--689
[][]\T1/cmtt/m/it/10 #         conditional = c(mean(results$freq.cov), mean(res
ults[b,]$freq.cov), mean(results[-b,]$freq.cov)),[][] 
 []


Overfull \hbox (66.3381pt too wide) in paragraph at lines 690--690
[][]\T1/cmtt/m/it/10 #         Bayesian = c(mean(results$bayes.cov), mean(resul
ts[b,]$bayes.cov), mean(results[-b,]$bayes.cov)))),[][] 
 []


Overfull \hbox (55.84067pt too wide) in paragraph at lines 691--691
[][]\T1/cmtt/m/it/10 #       col.names = c("Unconditional Coverage","Coverage C
onditional on H0", "Coverage Conditional on H1"),[][] 
 []


Overfull \hbox (494.99731pt too wide) in paragraph at lines 706--706
[][]\T1/cmtt/m/n/10 kable[][]([][]table[][](results[][]$[][]H,[][]abs[][](resul
ts[][]$[][]Ybar)[][]/[][]sqrt[][]([][]1[][]/[][]100[][])[][]<[][]qnorm[][]([][]
1[][]-[][]0.05[][]/[][]2[][]))[][]/[][]dim[][](results)[[][]1[][]],[] []col.nam
es[] []=[] []c[][]([][]"Do not reject null"[][],[] []"Reject null"[][]),[] []ro
w.names[] []=[] []TRUE[][],[] []caption[] []=[] []"Naive method"[][],[] []digit
s[][]=[][]3[][])[][] 
 []


Overfull \hbox (494.99731pt too wide) in paragraph at lines 729--729
[][]\T1/cmtt/m/n/10 kable[][]([][]table[][](results[][]$[][]H,results[][]$[][]c
onf.upper[][]>=[][]0[][]&[][]results[][]$[][]conf.lower[][]<=[][]0[][])[][]/[][
]dim[][](results)[[][]1[][]],[] []col.names[] []=[] []c[][]([][]"Do not reject 
null"[][]),[] []row.names[] []=[] []TRUE[][],[] []caption[] []=[] []"Conditiona
l Likelihood Method"[][],[] []digits[][]=[][]3[][])[][] 
 []

[14]
Overfull \hbox (458.25629pt too wide) in paragraph at lines 752--752
[][]\T1/cmtt/m/n/10 kable[][]([][]table[][](results[][]$[][]H,results[][]$[][]c
red.upper[][]>=[][]0[][]&[][]results[][]$[][]cred.lower[][]<=[][]0[][])[][]/[][
]dim[][](results)[[][]1[][]],[] []col.names[] []=[] []c[][]([][]"Do not reject 
null"[][]),[] []row.names[] []=[] []TRUE[][],[] []caption[] []=[] []"Bayesian M
ixture Model"[][],[] []digits[][]=[][]3[][])[][] 
 []

[15 <./figure/unnamed-chunk-12-1.pdf>] [16 <./figure/unnamed-chunk-14-1.pdf>]
Overfull \hbox (69.85114pt too wide) in paragraph at lines 838--838
[]    []\T1/cmtt/m/n/10 Y[((i[][]-[][]1[][])[][]*[][]observations[][]+[][]1[][]
)[][]:[][](i[][]*[][]observations)][][]<-[][]rbinom[][](observations,[] []1[][]
,[] []exp[][](beta.p53[i])[][]/[][]([][]1[][]+[][]exp[][](beta.p53[i])))[][] 
 []


Overfull \hbox (122.33832pt too wide) in paragraph at lines 841--841
[]  []\T1/cmtt/m/n/10 return[][]([][]list[][]([][]beta.p53[][]=beta.p53,[] []si
mdata[] []=[] []list[][]([][]CaseCon[][]=Y,[] []site[][]=site,[]  []J[][]=n.sit
es[][]*[][]observations ,[][]n.sites[][]=n.sites,[] []one[][]=[][]1[][])))[][] 

 []


Overfull \hbox (61.08939pt too wide) in paragraph at lines 875--875
[][]\T1/cmtt/m/n/10 run.cl.better[][]<-[] []function[][]([][]assoc[][],[][]mu[]
[],[] []sd[][],[] []inits[][],[] []pvals[][]){[] []\T1/cmtt/m/it/10 #slower but
 will use the same data so hopefully better[][] 
 []

[17]
Underfull \vbox (badness 10000) detected at line 894
 []


Underfull \vbox (badness 10000) detected at line 894
 []

[18]
Underfull \hbox (badness 10000) in paragraph at lines 901--902
[]\T1/stix/m/n/10.03749 To try to keep this sim-u-la-tion as close to the real 
data as pos-si-ble, a pre-lim-i-nary logis-tic regres-
 []


Underfull \hbox (badness 10000) in paragraph at lines 901--902
\T1/stix/m/n/10.03749 sion with ran-dom slope and ran-dom p53 coef-fi-cient by 
site was run. This led to the val-ues of $\LS1/stix/m/it/10.03749 ^^V \LS1/stix
/m/n/10.03749 =
 []


Overfull \hbox (2736.93243pt too wide) in paragraph at lines 901--902
\LS1/stix/m/n/10.03749 *0\LS1/stix/m/it/10.03749 :\LS1/stix/m/n/10.03749 2\LS1/
stix/m/it/10.03749 ; \LS1/stix/m/n/10.03749 *0\LS1/stix/m/it/10.03749 :\LS1/sti
x/m/n/10.03749 19\LS1/stix/m/it/10.03749 ; \LS1/stix/m/n/10.03749 *0\LS1/stix/m
/it/10.03749 :\LS1/stix/m/n/10.03749 18\LS1/stix/m/it/10.03749 ; \LS1/stix/m/n/
10.03749 *0\LS1/stix/m/it/10.03749 :\LS1/stix/m/n/10.03749 17\LS1/stix/m/it/10.
03749 ; \LS1/stix/m/n/10.03749 *0\LS1/stix/m/it/10.03749 :\LS1/stix/m/n/10.0374
9 16\LS1/stix/m/it/10.03749 ; \LS1/stix/m/n/10.03749 *0\LS1/stix/m/it/10.03749 
:\LS1/stix/m/n/10.03749 15\LS1/stix/m/it/10.03749 ; \LS1/stix/m/n/10.03749 *0\L
S1/stix/m/it/10.03749 :\LS1/stix/m/n/10.03749 14\LS1/stix/m/it/10.03749 ; \LS1/
stix/m/n/10.03749 *0\LS1/stix/m/it/10.03749 :\LS1/stix/m/n/10.03749 13\LS1/stix
/m/it/10.03749 ; \LS1/stix/m/n/10.03749 *0\LS1/stix/m/it/10.03749 :\LS1/stix/m/
n/10.03749 12\LS1/stix/m/it/10.03749 ; \LS1/stix/m/n/10.03749 *0\LS1/stix/m/it/
10.03749 :\LS1/stix/m/n/10.03749 11\LS1/stix/m/it/10.03749 ; \LS1/stix/m/n/10.0
3749 *0\LS1/stix/m/it/10.03749 :\LS1/stix/m/n/10.03749 1\LS1/stix/m/it/10.03749
 ; \LS1/stix/m/n/10.03749 *0\LS1/stix/m/it/10.03749 :\LS1/stix/m/n/10.03749 09\
LS1/stix/m/it/10.03749 ; \LS1/stix/m/n/10.03749 *0\LS1/stix/m/it/10.03749 :\LS1
/stix/m/n/10.03749 08\LS1/stix/m/it/10.03749 ; \LS1/stix/m/n/10.03749 *0\LS1/st
ix/m/it/10.03749 :\LS1/stix/m/n/10.03749 07\LS1/stix/m/it/10.03749 ; \LS1/stix/
m/n/10.03749 *0\LS1/stix/m/it/10.03749 :\LS1/stix/m/n/10.03749 06\LS1/stix/m/it
/10.03749 ; \LS1/stix/m/n/10.03749 *0\LS1/stix/m/it/10.03749 :\LS1/stix/m/n/10.
03749 05\LS1/stix/m/it/10.03749 ; \LS1/stix/m/n/10.03749 *0\LS1/stix/m/it/10.03
749 :\LS1/stix/m/n/10.03749 04\LS1/stix/m/it/10.03749 ; \LS1/stix/m/n/10.03749 
*0\LS1/stix/m/it/10.03749 :\LS1/stix/m/n/10.03749 03\LS1/stix/m/it/10.03749 ; \
LS1/stix/m/n/10.03749 *0\LS1/stix/m/it/10.03749 :\LS1/stix/m/n/10.03749 02\LS1/
stix/m/it/10.03749 ; \LS1/stix/m/n/10.03749 *0\LS1/stix/m/it/10.03749 :\LS1/sti
x/m/n/10.03749 01\LS1/stix/m/it/10.03749 ; \LS1/stix/m/n/10.03749 0\LS1/stix/m/
it/10.03749 ; \LS1/stix/m/n/10.03749 0\LS1/stix/m/it/10.03749 :\LS1/stix/m/n/10
.03749 01\LS1/stix/m/it/10.03749 ; \LS1/stix/m/n/10.03749 0\LS1/stix/m/it/10.03
749 :\LS1/stix/m/n/10.03749 02\LS1/stix/m/it/10.03749 ; \LS1/stix/m/n/10.03749 
0\LS1/stix/m/it/10.03749 :\LS1/stix/m/n/10.03749 03\LS1/stix/m/it/10.03749 ; \L
S1/stix/m/n/10.03749 0\LS1/stix/m/it/10.03749 :\LS1/stix/m/n/10.03749 04\LS1/st
ix/m/it/10.03749 ; \LS1/stix/m/n/10.03749 0\LS1/stix/m/it/10.03749 :\LS1/stix/m
/n/10.03749 05\LS1/stix/m/it/10.03749 ; \LS1/stix/m/n/10.03749 0\LS1/stix/m/it/
10.03749 :\LS1/stix/m/n/10.03749 06\LS1/stix/m/it/10.03749 ; \LS1/stix/m/n/10.0
3749 0\LS1/stix/m/it/10.03749 :\LS1/stix/m/n/10.03749 07\LS1/stix/m/it/10.03749
 ; \LS1/stix/m/n/10.03749 0\LS1/stix/m/it/10.03749 :\LS1/stix/m/n/10.03749 08\L
S1/stix/m/it/10.03749 ; \LS1/stix/m/n/10.03749 0\LS1/stix/m/it/10.03749 :\LS1/s
tix/m/n/10.03749 09\LS1/stix/m/it/10.03749 ; \LS1/stix/m/n/10.03749 0\LS1/stix/
m/it/10.03749 :\LS1/stix/m/n/10.03749 1\LS1/stix/m/it/10.03749 ; \LS1/stix/m/n/
10.03749 0\LS1/stix/m/it/10.03749 :\LS1/stix/m/n/10.03749 11\LS1/stix/m/it/10.0
3749 ; \LS1/stix/m/n/10.03749 0\LS1/stix/m/it/10.03749 :\LS1/stix/m/n/10.03749 
12\LS1/stix/m/it/10.03749 ; \LS1/stix/m/n/10.03749 0\LS1/stix/m/it/10.03749 :\L
S1/stix/m/n/10.03749 13\LS1/stix/m/it/10.03749 ; \LS1/stix/m/n/10.03749 0\LS1/s
tix/m/it/10.03749 :\LS1/stix/m/n/10.03749 14\LS1/stix/m/it/10.03749 ; \LS1/stix
/m/n/10.03749 0\LS1/stix/m/it/10.03749 :\LS1/stix/m/n/10.03749 15\LS1/stix/m/it
/10.03749 ; \LS1/stix/m/n/10.03749 0\LS1/stix/m/it/10.03749 :\LS1/stix/m/n/10.0
3749 16\LS1/stix/m/it/10.03749 ; \LS1/stix/m/n/10.03749 0\LS1/stix/m/it/10.0374
9 :\LS1/stix/m/n/10.03749 17\LS1/stix/m/it/10.03749 ; \LS1/stix/m/n/10.03749 0\
LS1/stix/m/it/10.03749 :\LS1/stix/m/n/10.03749 18\LS1/stix/m/it/10.03749 ; \LS1
/stix/m/n/10.03749 0\LS1/stix/m/it/10.03749 :\LS1/stix/m/n/10.03749 19\LS1/stix
/m/it/10.03749 ; \LS1/stix/m/n/10.03749 0\LS1/stix/m/it/10.03749 :\LS1/stix/m/n
/10.03749 2\LS1/stix/m/it/10.03749 ; \LS1/stix/m/n/10.03749 0\LS1/stix/m/it/10.
03749 :\LS1/stix/m/n/10.03749 21\LS1/stix/m/it/10.03749 ; \LS1/stix/m/n/10.0374
9 0\LS1/stix/m/it/10.03749 :\LS1/stix/m/n/10.03749 22\LS1/stix/m/it/10.03749 ; 
\LS1/stix/m/n/10.03749 0\LS1/stix/m/it/10.03749 :\LS1/stix/m/n/10.03749 23\LS1/
stix/m/it/10.03749 ; \LS1/stix/m/n/10.03749 0\LS1/stix/m/it/10.03749 :\LS1/stix
/m/n/10.03749 24\LS1/stix/m/it/10.03749 ; \LS1/stix/m/n/10.03749 0\LS1/stix/m/i
t/10.03749 :\LS1/stix/m/n/10.03749 25\LS1/stix/m/it/10.03749 ; \LS1/stix/m/n/10
.03749 0\LS1/stix/m/it/10.03749 :\LS1/stix/m/n/10.03749 26\LS1/stix/m/it/10.037
49 ; \LS1/stix/m/n/10.03749 0\LS1/stix/m/it/10.03749 :\LS1/stix/m/n/10.03749 27
\LS1/stix/m/it/10.03749 ; \LS1/stix/m/n/10.03749 0\LS1/stix/m/it/10.03749 :\LS1
/stix/m/n/10.03749 28\LS1/stix/m/it/10.03749 ; \LS1/stix/m/n/10.03749 0\LS1/sti
x/m/it/10.03749 :\LS1/stix/m/n/10.03749 29\LS1/stix/m/it/10.03749 ; \LS1/stix/m
/n/10.03749 0\LS1/stix/m/it/10.03749 :\LS1/stix/m/n/10.03749 3\LS1/stix/m/it/10
.03749 ; \LS1/stix/m/n/10.03749 0\LS1/stix/m/it/10.03749 :\LS1/stix/m/n/10.0374
9 31\LS1/stix/m/it/10.03749 ; \LS1/stix/m/n/10.03749 0\LS1/stix/m/it/10.03749 :
\LS1/stix/m/n/10.03749 32\LS1/stix/m/it/10.03749 ; \LS1/stix/m/n/10.03749 0\LS1
/stix/m/it/10.03749 :\LS1/stix/m/n/10.03749 33\LS1/stix/m/it/10.03749 ; \LS1/st
ix/m/n/10.03749 0\LS1/stix/m/it/10.03749 :\LS1/stix/m/n/10.03749 34\LS1/stix/m/
it/10.03749 ; \LS1/stix/m/n/10.03749 0\LS1/stix/m/it/10.03749 :\LS1/stix/m/n/10
.03749 35\LS1/stix/m/it/10.03749 ; \LS1/stix/m/n/10.03749 0\LS1/stix/m/it/10.03
749 :\LS1/stix/m/n/10.03749 36\LS1/stix/m/it/10.03749 ; \LS1/stix/m/n/10.03749 
0\LS1/stix/m/it/10.03749 :\LS1/stix/m/n/10.03749 37\LS1/stix/m/it/10.03749 ; \L
S1/stix/m/n/10.03749 0\LS1/stix/m/it/10.03749 :\LS1/stix/m/n/10.03749 38\LS1/st
ix/m/it/10.03749 ; \LS1/stix/m/n/10.03749 0\LS1/stix/m/it/10.03749 :\LS1/stix/m
/n/10.03749 39\LS1/stix/m/it/10.03749 ; \LS1/stix/m/n/10.03749 0\LS1/stix/m/it/
10.03749 :\LS1/stix/m/n/10.03749 4\LS1/stix/m/it/10.03749 ; \LS1/stix/m/n/10.03
749 0\LS1/stix/m/it/10.03749 :\LS1/stix/m/n/10.03749 41\LS1/stix/m/it/10.03749 
; \LS1/stix/m/n/10.03749 0\LS1/stix/m/it/10.03749 :\LS1/stix/m/n/10.03749 42\LS
1/stix/m/it/10.03749 ; \LS1/stix/m/n/10.03749 0\LS1/stix/m/it/10.03749 :\LS1/st
ix/m/n/10.03749 43\LS1/stix/m/it/10.03749 ; \LS1/stix/m/n/10.03749 0\LS1/stix/m
/it/10.03749 :\LS1/stix/m/n/10.03749 44\LS1/stix/m/it/10.03749 ; \LS1/stix/m/n/
10.03749 0\LS1/stix/m/it/10.03749 :\LS1/stix/m/n/10.03749 45\LS1/stix/m/it/10.0
3749 ; \LS1/stix/m/n/10.03749 0\LS1/stix/m/it/10.03749 :\LS1/stix/m/n/10.03749 
46\LS1/stix/m/it/10.03749 ; \LS1/stix/m/n/10.03749 0\LS1/stix/m/it/10.03749 :\L
S1/stix/m/n/10.03749 47\LS1/stix/m/it/10.03749 ; \LS1/stix/m/n/10.03749 0\LS1/s
tix/m/it/10.03749 :\LS1/stix/m/n/10.03749 48\LS1/stix/m/it/10.03749 ; \LS1/stix
/m/n/10.03749 0\LS1/stix/m/it/10.03749 :\LS1/stix/m/n/10.03749 49\LS1/stix/m/it
/10.03749 ; \LS1/stix/m/n/10.03749 0\LS1/stix/m/it/10.03749 :\LS1/stix/m/n/10.0
3749 5\LS1/stix/m/it/10.03749 ; \LS1/stix/m/n/10.03749 0\LS1/stix/m/it/10.03749
 :\LS1/stix/m/n/10.03749 51\LS1/stix/m/it/10.03749 ; \LS1/stix/m/n/10.03749 0\L
S1/stix/m/it/10.03749 :\LS1/stix/m/n/10.03749 52\LS1/stix/m/it/10.03749 ; \LS1/
stix/m/n/10.03749 0\LS1/stix/m/it/10.03749 :\LS1/stix/m/n/10.03749 53\LS1/stix/
m/it/10.03749 ; \LS1/stix/m/n/10.03749 0\LS1/stix/m/it/10.03749 :\LS1/stix/m/n/
10.03749 54\LS1/stix/m/it/10.03749 ; \LS1/stix/m/n/10.03749 0\LS1/stix/m/it/10.
03749 :\LS1/stix/m/n/10.03749 55\LS1/stix/m/it/10.03749 ; \LS1/stix/m/n/10.0374
9 0\LS1/stix/m/it/10.03749 :\LS1/stix/m/n/10.03749 56\LS1/stix/m/it/10.03749 ; 
\LS1/stix/m/n/10.03749 0\LS1/stix/m/it/10.03749 :\LS1/stix/m/n/10.03749 57\LS1/
stix/m/it/10.03749 ; \LS1/stix/m/n/10.03749 0\LS1/stix/m/it/10.03749 :\LS1/stix
/m/n/10.03749 58\LS1/stix/m/it/10.03749 ; \LS1/stix/m/n/10.03749 0\LS1/stix/m/i
t/10.03749 :\LS1/stix/m/n/10.03749 59\LS1/stix/m/it/10.03749 ; \LS1/stix/m/n/10
.03749 0\LS1/stix/m/it/10.03749 :\LS1/stix/m/n/10.03749 6\LS1/stix/m/it/10.0374
9 ; \LS1/stix/m/n/10.03749 0\LS1/stix/m/it/10.03749 :\LS1/stix/m/n/10.03749 61\
LS1/stix/m/it/10.03749 ; \LS1/stix/m/n/10.03749 0\LS1/stix/m/it/10.03749 :\LS1/
stix/m/n/10.03749 62\LS1/stix/m/it/10.03749 ; \LS1/stix/m/n/10.03749 0\LS1/stix
/m/it/10.03749 :\LS1/stix/m/n/10.03749 63\LS1/stix/m/it/10.03749 ; \LS1/stix/m/
n/10.03749 0\LS1/stix/m/it/10.03749 :\LS1/stix/m/n/10.03749 64\LS1/stix/m/it/10
.03749 ; \LS1/stix/m/n/10.03749 0\LS1/stix/m/it/10.03749 :\LS1/stix/m/n/10.0374
9 65\LS1/stix/m/it/10.03749 ; \LS1/stix/m/n/10.03749 0\LS1/stix/m/it/10.03749 :
\LS1/stix/m/n/10.03749 66\LS1/stix/m/it/10.03749 ; \LS1/stix/m/n/10.03749 0\LS1
/stix/m/it/10.03749 :\LS1/stix/m/n/10.03749 67\LS1/stix/m/it/10.03749 ; \LS1/st
ix/m/n/10.03749 0\LS1/stix/m/it/10.03749 :\LS1/stix/m/n/10.03749 68\LS1/stix/m/
it/10.03749 ; \LS1/stix/m/n/10.03749 0\LS1/stix/m/it/10.03749 :\LS1/stix/m/n/10
.03749 69\LS1/stix/m/it/10.03749 ; \LS1/stix/m/n/10.03749 0\LS1/stix/m/it/10.03
749 :\LS1/stix/m/n/10.03749 7\LS1/stix/m/it/10.03749 ; \LS1/stix/m/n/10.03749 0
\LS1/stix/m/it/10.03749 :\LS1/stix/m/n/10.03749 71\LS1/stix/m/it/10.03749 ; \LS
1/stix/m/n/10.03749 0\LS1/stix/m/it/10.03749 :\LS1/stix/m/n/10.03749 72\LS1/sti
x/m/it/10.03749 ; \LS1/stix/m/n/10.03749 0\LS1/stix/m/it/10.03749 :\LS1/stix/m/
n/10.03749 73\LS1/stix/m/it/10.03749 ; \LS1/stix/m/n/10.03749 0\LS1/stix/m/it/1
0.03749 :\LS1/stix/m/n/10.03749 74\LS1/stix/m/it/10.03749 ; \LS1/stix/m/n/10.03
749 0\LS1/stix/m/it/10.03749 :\LS1/stix/m/n/10.03749 75\LS1/stix/m/it/10.03749 
; \LS1/stix/m/n/10.03749 0\LS1/stix/m/it/10.03749 :\LS1/stix/m/n/10.03749 76\LS
1/stix/m/it/10.03749 ; \LS1/stix/m/n/10.03749 0\LS1/stix/m/it/10.03749 :\LS1/st
ix/m/n/10.03749 77\LS1/stix/m/it/10.03749 ; \LS1/stix/m/n/10.03749 0\LS1/stix/m
/it/10.03749 :\LS1/stix/m/n/10.03749 78\LS1/stix/m/it/10.03749 ; \LS1/stix/m/n/
10.03749 0\LS1/stix/m/it/10.03749 :\LS1/stix/m/n/10.03749 79\LS1/stix/m/it/10.0
3749 ; \LS1/stix/m/n/10.03749 0\LS1/stix/m/it/10.03749 :\LS1/stix/m/n/10.03749 
8\LS1/stix/m/it/10.03749 ; \LS1/stix/m/n/10.03749 0\LS1/stix/m/it/10.03749 :\LS
1/stix/m/n/10.03749 81\LS1/stix/m/it/10.03749 ; \LS1/stix/m/n/10.03749 0\LS1/st
ix/m/it/10.03749 :\LS1/stix/m/n/10.03749 82\LS1/stix/m/it/10.03749 ; \LS1/stix/
m/n/10.03749 0\LS1/stix/m/it/10.03749 :\LS1/stix/m/n/10.03749 83\LS1/stix/m/it/
10.03749 ; \LS1/stix/m/n/10.03749 0\LS1/stix/m/it/10.03749 :\LS1/stix/m/n/10.03
749 84\LS1/stix/m/it/10.03749 ; \LS1/stix/m/n/10.03749 0\LS1/stix/m/it/10.03749
 :\LS1/stix/m/n/10.03749 85\LS1/stix/m/it/10.03749 ; \LS1/stix/m/n/10.03749 0\L
S1/stix/m/it/10.03749 :\LS1/stix/m/n/10.03749 86\LS1/stix/m/it/10.03749 ; \LS1/
stix/m/n/10.03749 0\LS1/stix/m/it/10.03749 :\LS1/stix/m/n/10.03749 87\LS1/stix/
m/it/10.03749 ; \LS1/stix/m/n/10.03749 0\LS1/stix/m/it/10.03749 :\LS1/stix/m/n/
10.03749 88\LS1/stix/m/it/10.03749 ; \LS1/stix/m/n/10.03749 0\LS1/stix/m/it/10.
03749 :\LS1/stix/m/n/10.03749 89\LS1/stix/m/it/10.03749 ; \LS1/stix/m/n/10.0374
9 0\LS1/stix/m/it/10.03749 :\LS1/stix/m/n/10.03749 9\LS1/stix/m/it/10.03749 ; \
LS1/stix/m/n/10.03749 0\LS1/stix/m/it/10.03749 :\LS1/stix/m/n/10.03749 91\LS1/s
tix/m/it/10.03749 ; \LS1/stix/m/n/10.03749 0\LS1/stix/m/it/10.03749 :\LS1/stix/
m/n/10.03749 92\LS1/stix/m/it/10.03749 ; \LS1/stix/m/n/10.03749 0\LS1/stix/m/it
/10.03749 :\LS1/stix/m/n/10.03749 93\LS1/stix/m/it/10.03749 ; \LS1/stix/m/n/10.
03749 0\LS1/stix/m/it/10.03749 :\LS1/stix/m/n/10.03749 94\LS1/stix/m/it/10.0374
9 ; \LS1/stix/m/n/10.03749 0\LS1/stix/m/it/10.03749 :\LS1/stix/m/n/10.03749 95\
LS1/stix/m/it/10.03749 ; \LS1/stix/m/n/10.03749 0\LS1/stix/m/it/10.03749 :\LS1/
stix/m/n/10.03749 96\LS1/stix/m/it/10.03749 ; \LS1/stix/m/n/10.03749 0\LS1/stix
/m/it/10.03749 :\LS1/stix/m/n/10.03749 97\LS1/stix/m/it/10.03749 ; \LS1/stix/m/
n/10.03749 0\LS1/stix/m/it/10.03749 :\LS1/stix/m/n/10.03749 98\LS1/stix/m/it/10
.03749 ; \LS1/stix/m/n/10.03749 0\LS1/stix/m/it/10.03749 :\LS1/stix/m/n/10.0374
9 99\LS1/stix/m/it/10.03749 ; \LS1/stix/m/n/10.03749 1\LS1/stix/m/it/10.03749 ;
 \LS1/stix/m/n/10.03749 1\LS1/stix/m/it/10.03749 :\LS1/stix/m/n/10.03749 01\LS1
/stix/m/it/10.03749 ; \LS1/stix/m/n/10.03749 1\LS1/stix/m/it/10.03749 :\LS1/sti
x/m/n/10.03749 02\LS1/stix/m/it/10.03749 ; \LS1/stix/m/n/10.03749 1\LS1/stix/m/
it/10.03749 :\LS1/stix/m/n/10.03749 03\LS1/stix/m/it/10.03749 ; \LS1/stix/m/n/1
0.03749 1\LS1/stix/m/it/10.03749 :\LS1/stix/m/n/10.03749 04\LS1/stix/m/it/10.03
749 ; \LS1/stix/m/n/10.03749 1\LS1/stix/m/it/10.03749 :\LS1/stix/m/n/10.03749 0
5\LS1/stix/m/it/10.03749 ; \LS1/stix/m/n/10.03749 1\LS1/stix/m/it/10.03749 :\LS
1/stix/m/n/10.03749 06\LS1/stix/m/it/10.03749 ; \LS1/stix/m/n/10.03749 1\LS1/st
ix/m/it/10.03749 :\LS1/stix/m/n/10.03749 07\LS1/stix/m/it/10.03749 ; \LS1/stix/
m/n/10.03749 1\LS1/stix/m/it/10.03749 :\LS1/stix/m/n/10.03749 08\LS1/stix/m/it/
10.03749 ; \LS1/stix/m/n/10.03749 1\LS1/stix/m/it/10.03749 :\LS1/stix/m/n/10.03
749 09\LS1/stix/m/it/10.03749 ; \LS1/stix/m/n/10.03749 1\LS1/stix/m/it/10.03749
 :\LS1/stix/m/n/10.03749 1\LS1/stix/m/it/10.03749 ; \LS1/stix/m/n/10.03749 1\LS
1/stix/m/it/10.03749 :\LS1/stix/m/n/10.03749 11\LS1/stix/m/it/10.03749 ; \LS1/s
tix/m/n/10.03749 1\LS1/stix/m/it/10.03749 :\LS1/stix/m/n/10.03749 12\LS1/stix/m
/it/10.03749 ; \LS1/stix/m/n/10.03749 1\LS1/stix/m/it/10.03749 :\LS1/stix/m/n/1
0.03749 13\LS1/stix/m/it/10.03749 ; \LS1/stix/m/n/10.03749 1\LS1/stix/m/it/10.0
3749 :\LS1/stix/m/n/10.03749 14\LS1/stix/m/it/10.03749 ; \LS1/stix/m/n/10.03749
 1\LS1/stix/m/it/10.03749 :\LS1/stix/m/n/10.03749 15\LS1/stix/m/it/10.03749 ; \
LS1/stix/m/n/10.03749 1\LS1/stix/m/it/10.03749 :\LS1/stix/m/n/10.03749 16\LS1/s
tix/m/it/10.03749 ; \LS1/stix/m/n/10.03749 1\LS1/stix/m/it/10.03749 :\LS1/stix/
m/n/10.03749 17\LS1/stix/m/it/10.03749 ; \LS1/stix/m/n/10.03749 1\LS1/stix/m/it
/10.03749 :\LS1/stix/m/n/10.03749 18\LS1/stix/m/it/10.03749 ; \LS1/stix/m/n/10.
03749 1\LS1/stix/m/it/10.03749 :\LS1/stix/m/n/10.03749 19\LS1/stix/m/it/10.0374
9 ; \LS1/stix/m/n/10.03749 1\LS1/stix/m/it/10.03749 :\LS1/stix/m/n/10.03749 2\L
S1/stix/m/it/10.03749 ; \LS1/stix/m/n/10.03749 1\LS1/stix/m/it/10.03749 :\LS1/s
tix/m/n/10.03749 21\LS1/stix/m/it/10.03749 ; \LS1/stix/m/n/10.03749 1\LS1/stix/
m/it/10.03749 :\LS1/stix/m/n/10.03749 22\LS1/stix/m/it/10.03749 ; \LS1/stix/m/n
/10.03749 1\LS1/stix/m/it/10.03749 :\LS1/stix/m/n/10.03749 23\LS1/stix/m/it/10.
03749 ; \LS1/stix/m/n/10.03749 1\LS1/stix/m/it/10.03749 :\LS1/stix/m/n/10.03749
 24\LS1/stix/m/it/10.03749 ; \LS1/stix/m/n/10.03749 1\LS1/stix/m/it/10.03749 :\
LS1/stix/m/n/10.03749 25\LS1/stix/m/it/10.03749 ; ^^[[] \LS1/stix/m/n/10.03749 
=$\T1/stix/m/n/10.03749 .
 []

[19]
Overfull \hbox (12.11523pt too wide) in paragraph at lines 974--974
[]  []\T1/cmtt/m/n/10 vec[][]<-[][]sapply[][](simlist,[] []function[][]([][]out
putlist[][])[] []sapply[][](outputlist[[][]-[][]length[][](outputlist)],getstat
s,mu,sd))[][] 
 []


Overfull \hbox (153.83063pt too wide) in paragraph at lines 975--975
[]  []\T1/cmtt/m/n/10 return[][]([][]array[][]([][]data[][]=vec,[][]dim[][]=[] 
[]c[][]([][]length[][](getstatsitems),[][]length[][](modelnames),I),[] []dimnam
es[][]=[][]list[][](getstatsitems,modelnames,[][]seq[][]([][]1[][]:[][]I))))[][
] 
 []

[20]
Overfull \hbox (227.31268pt too wide) in paragraph at lines 1039--1039
[][]\T1/cmtt/m/n/10 save[][](sim.0, sim.half,sim.1,sim.2,sim.4, sim.cl.stats.be
tter1,sim.cl.stats.better4,sim.cl.stats.better0,[] []file[] []=[] []"p53sim_pro
cesseddata.RData"[][])[][] 
 []


Package hyperref Warning: Token not allowed in a PDF string (PDFDocEncoding):
(hyperref)                removing `math shift' on input line 1044.


Package hyperref Warning: Token not allowed in a PDF string (PDFDocEncoding):
(hyperref)                removing `\mu' on input line 1044.


Package hyperref Warning: Token not allowed in a PDF string (PDFDocEncoding):
(hyperref)                removing `math shift' on input line 1044.

[21]
Overfull \hbox (38.35883pt too wide) in paragraph at lines 1059--1059
[][]\T1/cmtt/m/n/10 mseplot[] []=[] []ggplot[][]([][]data[] []= (df1),[] []aes[
][]([][]x[][]=[][]factor[][](simulation,[] []labels[][]=[][]c[][]([][]0[][],[][
]"s/2"[][],[] []"s"[][],[] []"2s"[][],[] []"4s"[][])),[] []y[][]=value))[] []+[
][] 
 []


Overfull \hbox (232.5614pt too wide) in paragraph at lines 1061--1061
[]  []\T1/cmtt/m/n/10 labs[][]([][]x[][]=[][]expression[][]([][]paste[][](sigma
[][]^[][]2[][],[] []" used in simulation"[][])),[][]y[][]=[][]"Absolute Error"[
][],[] []title[][]=[][]expression[][]([][]paste[][]([][]"Absolute Error of Simu
lation "[][],mu )))[][]+[][] 
 []


Overfull \hbox (48.85626pt too wide) in paragraph at lines 1091--1091
[][]\T1/cmtt/m/n/10 intlenplot[] []=[] []ggplot[][]([][]data[] []= (df),[] []ae
s[][]([][]x[][]=[][]factor[][](simulation,[] []labels[][]=[][]c[][]([][]0[][],[
][]"s/2"[][],[] []"s"[][],[] []"2s"[][],[] []"4s"[][])),[] []y[][]=value))[] []
+[][] 
 []


Overfull \hbox (306.04346pt too wide) in paragraph at lines 1093--1093
[]  []\T1/cmtt/m/n/10 labs[][]([][]x[][]=[][]expression[][]([][]paste[][](sigma
[][]^[][]2[][],[] []" used in simulation"[][])),[][]y[][]=[][]"Credible Interva
l Length"[][],[] []title[][]=[][]expression[][]([][]paste[][]([][]"Credible Int
ervals of Simulation "[][],mu )))[][]+[][] 
 []

[22]

Package hyperref Warning: Token not allowed in a PDF string (PDFDocEncoding):
(hyperref)                removing `math shift' on input line 1128.


Package hyperref Warning: Token not allowed in a PDF string (PDFDocEncoding):
(hyperref)                removing `\mu' on input line 1128.


Package hyperref Warning: Token not allowed in a PDF string (PDFDocEncoding):
(hyperref)                removing `math shift' on input line 1128.


Overfull \hbox (12.11523pt too wide) in paragraph at lines 1138--1138
[][]\T1/cmtt/m/n/10 kable[][](hasm, ,[][]format[][]=[][]\TS1/cmtt/m/n/10 '\T1/c
mtt/m/n/10 latex\TS1/cmtt/m/n/10 '[][]\T1/cmtt/m/n/10 ,[][]caption[][]=[][]"Pro
portion of Credible Intervals containing $\\mu$"[][],[] []digits[][]=[][]3[][])
[][] 
 []


Package hyperref Warning: Token not allowed in a PDF string (PDFDocEncoding):
(hyperref)                removing `math shift' on input line 1156.


Package hyperref Warning: Token not allowed in a PDF string (PDFDocEncoding):
(hyperref)                removing `\xi' on input line 1156.


Package hyperref Warning: Token not allowed in a PDF string (PDFDocEncoding):
(hyperref)                removing `math shift' on input line 1156.


Package hyperref Warning: Token not allowed in a PDF string (PDFDocEncoding):
(hyperref)                removing `math shift' on input line 1180.


Package hyperref Warning: Token not allowed in a PDF string (PDFDocEncoding):
(hyperref)                removing `\alpha' on input line 1180.


Package hyperref Warning: Token not allowed in a PDF string (PDFDocEncoding):
(hyperref)                removing `math shift' on input line 1180.

[23]
Overfull \hbox (232.5614pt too wide) in paragraph at lines 1193--1193
[]  []\T1/cmtt/m/n/10 labs[][]([][]x[][]=[][]expression[][]([][]paste[][](sigma
[][]^[][]2[][],[] []" used in simulation"[][])),[][]y[][]=[][]"Absolute Error"[
][],[] []title[][]=[][]expression[][]([][]paste[][]([][]"Absolute Error of Simu
lation "[][],mu )))[][]+[][] 
 []


Overfull \hbox (1.6178pt too wide) in paragraph at lines 1194--1194
[]  []\T1/cmtt/m/n/10 scale_colour_few[][]([][]name[][]=[][]"p-value"[][])[] []
+[]  []theme[][]([] []legend.justification[][]=[][]c[][]([][]0[][],[][]1[][]),[
] []legend.position[][]=[][]c[][]([][]0[][],[][]1[][]))[][] 
 []


Overfull \hbox (306.04346pt too wide) in paragraph at lines 1212--1212
[]  []\T1/cmtt/m/n/10 labs[][]([][]x[][]=[][]expression[][]([][]paste[][](sigma
[][]^[][]2[][],[] []" used in simulation"[][])),[][]y[][]=[][]"Credible Interva
l Length"[][],[] []title[][]=[][]expression[][]([][]paste[][]([][]"Credible Int
ervals of Simulation "[][],mu )))[][]+[][] 
 []


Overfull \hbox (1.6178pt too wide) in paragraph at lines 1213--1213
[]  []\T1/cmtt/m/n/10 scale_colour_few[][]([][]name[][]=[][]"p-value"[][])[] []
+[]  []theme[][]([] []legend.justification[][]=[][]c[][]([][]0[][],[][]1[][]),[
] []legend.position[][]=[][]c[][]([][]0[][],[][]1[][]))[][] 
 []

[24] (./reproducibility-knitr.bbl [25]) [26]
Overfull \hbox (3.00244pt too wide) in paragraph at lines 1290--1290
 [] 
 []

Package atveryend Info: Empty hook `BeforeClearDocument' on input line 1290.
[27

]
Package atveryend Info: Empty hook `AfterLastShipout' on input line 1290.
 (./reproducibility-knitr.aux)
Package atveryend Info: Executing hook `AtVeryEndDocument' on input line 1290.
Package atveryend Info: Empty hook `AtEndAfterFileList' on input line 1290.
Package atveryend Info: Empty hook `AtVeryVeryEnd' on input line 1290.
 ) 
Here is how much of TeX's memory you used:
 15102 strings out of 493089
 214523 string characters out of 6134842
 325200 words of memory out of 5000000
 18172 multiletter control sequences out of 15000+600000
 101834 words of font info for 125 fonts, out of 8000000 for 9000
 1167 hyphenation exceptions out of 8191
 43i,11n,40p,1707b,419s stack positions out of 5000i,500n,10000p,200000b,80000s
{/usr/local/texlive/2015/texmf-dist/fonts/enc/dvips/stix/stix-t1.enc}{/usr/lo
cal/texlive/2015/texmf-dist/fonts/enc/dvips/cm-super/cm-super-ts1.enc}{/usr/loc
al/texlive/2015/texmf-dist/fonts/enc/dvips/cm-super/cm-super-t1.enc}</usr/local
/texlive/2015/texmf-dist/fonts/type1/public/stix/STIXGeneral-Bold.pfb></usr/loc
al/texlive/2015/texmf-dist/fonts/type1/public/stix/STIXGeneral-Italic.pfb></usr
/local/texlive/2015/texmf-dist/fonts/type1/public/stix/STIXGeneral-Regular.pfb>
</usr/local/texlive/2015/texmf-dist/fonts/type1/public/cm-super/sfit1000.pfb></
usr/local/texlive/2015/texmf-dist/fonts/type1/public/cm-super/sfss0700.pfb></us
r/local/texlive/2015/texmf-dist/fonts/type1/public/cm-super/sfss1000.pfb></usr/
local/texlive/2015/texmf-dist/fonts/type1/public/cm-super/sftt1000.pfb></usr/lo
cal/texlive/2015/texmf-dist/fonts/type1/public/stix/stix-mathcal.pfb></usr/loca
l/texlive/2015/texmf-dist/fonts/type1/public/stix/stix-mathex.pfb></usr/local/t
exlive/2015/texmf-dist/fonts/type1/public/stix/stix-mathit.pfb></usr/local/texl
ive/2015/texmf-dist/fonts/type1/public/stix/stix-mathrm.pfb>
Output written on reproducibility-knitr.pdf (27 pages, 452478 bytes).
PDF statistics:
 452 PDF objects out of 1000 (max. 8388607)
 397 compressed objects within 4 object streams
 117 named destinations out of 1000 (max. 500000)
 290 words of extra memory for PDF output out of 10000 (max. 10000000)

